<?xml version="1.0" encoding="UTF-8"?>
<testsuite xmlns:xsi="http://www.w3.org/2001/XMLSchema-instance" xsi:noNamespaceSchemaLocation="https://maven.apache.org/surefire/maven-surefire-plugin/xsd/surefire-test-report.xsd" name="ru.domru.carrental.CarRentalApplicationTests" time="6.226" tests="1" errors="1" skipped="0" failures="0">
  <properties>
[...]
</properties>
  <testcase name="contextLoads" classname="ru.domru.carrental.CarRentalApplicationTests" time="0.016">
    <error message="Failed to load ApplicationContext" type="java.lang.IllegalStateException">java.lang.IllegalStateException: Failed to load ApplicationContext
Caused by: org.springframework.beans.factory.UnsatisfiedDependencyException: Error creating bean with name 'org.springframework.boot.autoconfigure.orm.jpa.HibernateJpaConfiguration': Unsatisfied dependency expressed through constructor parameter 0; nested exception is org.springframework.beans.factory.BeanCreationException: Error creating bean with name 'dataSource' defined in class path resource [org/springframework/boot/autoconfigure/jdbc/DataSourceConfiguration$Hikari.class]: Bean instantiation via factory method failed; nested exception is org.springframework.beans.BeanInstantiationException: Failed to instantiate [com.zaxxer.hikari.HikariDataSource]: Factory method 'dataSource' threw exception; nested exception is org.springframework.boot.autoconfigure.jdbc.DataSourceProperties$DataSourceBeanCreationException: Failed to determine a suitable driver class
Caused by: org.springframework.beans.factory.BeanCreationException: Error creating bean with name 'dataSource' defined in class path resource [org/springframework/boot/autoconfigure/jdbc/DataSourceConfiguration$Hikari.class]: Bean instantiation via factory method failed; nested exception is org.springframework.beans.BeanInstantiationException: Failed to instantiate [com.zaxxer.hikari.HikariDataSource]: Factory method 'dataSource' threw exception; nested exception is org.springframework.boot.autoconfigure.jdbc.DataSourceProperties$DataSourceBeanCreationException: Failed to determine a suitable driver class
Caused by: org.springframework.beans.BeanInstantiationException: Failed to instantiate [com.zaxxer.hikari.HikariDataSource]: Factory method 'dataSource' threw exception; nested exception is org.springframework.boot.autoconfigure.jdbc.DataSourceProperties$DataSourceBeanCreationException: Failed to determine a suitable driver class
Caused by: org.springframework.boot.autoconfigure.jdbc.DataSourceProperties$DataSourceBeanCreationException: Failed to determine a suitable driver class
</error>
    <system-out><![CDATA[22:09:28.998 [main] DEBUG org.springframework.test.context.junit4.SpringJUnit4ClassRunner - SpringJUnit4ClassRunner constructor called with [class ru.domru.carrental.CarRentalApplicationTests]
22:09:29.009 [main] DEBUG org.springframework.test.context.BootstrapUtils - Instantiating CacheAwareContextLoaderDelegate from class [org.springframework.test.context.cache.DefaultCacheAwareContextLoaderDelegate]
22:09:29.023 [main] DEBUG org.springframework.test.context.BootstrapUtils - Instantiating BootstrapContext using constructor [public org.springframework.test.context.support.DefaultBootstrapContext(java.lang.Class,org.springframework.test.context.CacheAwareContextLoaderDelegate)]
22:09:29.061 [main] DEBUG org.springframework.test.context.BootstrapUtils - Instantiating TestContextBootstrapper for test class [ru.domru.carrental.CarRentalApplicationTests] from class [org.springframework.boot.test.context.SpringBootTestContextBootstrapper]
22:09:29.095 [main] INFO org.springframework.boot.test.context.SpringBootTestContextBootstrapper - Neither @ContextConfiguration nor @ContextHierarchy found for test class [ru.domru.carrental.CarRentalApplicationTests], using SpringBootContextLoader
22:09:29.104 [main] DEBUG org.springframework.test.context.support.AbstractContextLoader - Did not detect default resource location for test class [ru.domru.carrental.CarRentalApplicationTests]: class path resource [ru/domru/carrental/CarRentalApplicationTests-context.xml] does not exist
22:09:29.105 [main] DEBUG org.springframework.test.context.support.AbstractContextLoader - Did not detect default resource location for test class [ru.domru.carrental.CarRentalApplicationTests]: class path resource [ru/domru/carrental/CarRentalApplicationTestsContext.groovy] does not exist
22:09:29.105 [main] INFO org.springframework.test.context.support.AbstractContextLoader - Could not detect default resource locations for test class [ru.domru.carrental.CarRentalApplicationTests]: no resource found for suffixes {-context.xml, Context.groovy}.
22:09:29.108 [main] INFO org.springframework.test.context.support.AnnotationConfigContextLoaderUtils - Could not detect default configuration classes for test class [ru.domru.carrental.CarRentalApplicationTests]: CarRentalApplicationTests does not declare any static, non-private, non-final, nested classes annotated with @Configuration.
22:09:29.212 [main] DEBUG org.springframework.test.context.support.ActiveProfilesUtils - Could not find an 'annotation declaring class' for annotation type [org.springframework.test.context.ActiveProfiles] and class [ru.domru.carrental.CarRentalApplicationTests]
22:09:29.232 [main] DEBUG org.springframework.core.env.StandardEnvironment - Adding PropertySource 'systemProperties' with lowest search precedence
22:09:29.233 [main] DEBUG org.springframework.core.env.StandardEnvironment - Adding PropertySource 'systemEnvironment' with lowest search precedence
22:09:29.234 [main] DEBUG org.springframework.core.env.StandardEnvironment - Initialized StandardEnvironment with PropertySources [MapPropertySource@1948863195 {name='systemProperties', properties={java.runtime.name=Java(TM) SE Runtime Environment, sun.boot.library.path=/usr/lib/jvm/java-8-oracle/jre/lib/amd64, java.vm.version=25.66-b17, java.vm.vendor=Oracle Corporation, java.vendor.url=http://java.oracle.com/, path.separator=:, java.vm.name=Java HotSpot(TM) 64-Bit Server VM, file.encoding.pkg=sun.io, user.country=RU, sun.java.launcher=SUN_STANDARD, sun.os.patch.level=unknown, java.vm.specification.name=Java Virtual Machine Specification, user.dir=/home/gaga/jobs/projects/car-rental/app, java.runtime.version=1.8.0_66-b17, basedir=/home/gaga/jobs/projects/car-rental/app, java.awt.graphicsenv=sun.awt.X11GraphicsEnvironment, java.endorsed.dirs=/usr/lib/jvm/java-8-oracle/jre/lib/endorsed, os.arch=amd64, surefire.real.class.path=/home/gaga/jobs/projects/car-rental/app/target/surefire/surefirebooter2139331905682317857.jar, java.io.tmpdir=/tmp, line.separator=
, java.vm.specification.vendor=Oracle Corporation, os.name=Linux, sun.jnu.encoding=UTF-8, java.library.path=/usr/java/packages/lib/amd64:/usr/lib64:/lib64:/lib:/usr/lib, surefire.test.class.path=/home/gaga/jobs/projects/car-rental/app/target/test-classes:/home/gaga/jobs/projects/car-rental/app/target/classes:/home/gaga/.m2/repository/org/springframework/boot/spring-boot-starter-data-jpa/2.1.0.BUILD-SNAPSHOT/spring-boot-starter-data-jpa-2.1.0.BUILD-SNAPSHOT.jar:/home/gaga/.m2/repository/org/springframework/boot/spring-boot-starter/2.1.0.BUILD-SNAPSHOT/spring-boot-starter-2.1.0.BUILD-SNAPSHOT.jar:/home/gaga/.m2/repository/org/springframework/boot/spring-boot/2.1.0.BUILD-SNAPSHOT/spring-boot-2.1.0.BUILD-SNAPSHOT.jar:/home/gaga/.m2/repository/org/springframework/boot/spring-boot-autoconfigure/2.1.0.BUILD-SNAPSHOT/spring-boot-autoconfigure-2.1.0.BUILD-SNAPSHOT.jar:/home/gaga/.m2/repository/org/springframework/boot/spring-boot-starter-logging/2.1.0.BUILD-SNAPSHOT/spring-boot-starter-logging-2.1.0.BUILD-SNAPSHOT.jar:/home/gaga/.m2/repository/ch/qos/logback/logback-classic/1.2.3/logback-classic-1.2.3.jar:/home/gaga/.m2/repository/ch/qos/logback/logback-core/1.2.3/logback-core-1.2.3.jar:/home/gaga/.m2/repository/org/apache/logging/log4j/log4j-to-slf4j/2.10.0/log4j-to-slf4j-2.10.0.jar:/home/gaga/.m2/repository/org/apache/logging/log4j/log4j-api/2.10.0/log4j-api-2.10.0.jar:/home/gaga/.m2/repository/org/slf4j/jul-to-slf4j/1.7.25/jul-to-slf4j-1.7.25.jar:/home/gaga/.m2/repository/javax/annotation/javax.annotation-api/1.3.2/javax.annotation-api-1.3.2.jar:/home/gaga/.m2/repository/org/yaml/snakeyaml/1.19/snakeyaml-1.19.jar:/home/gaga/.m2/repository/org/springframework/boot/spring-boot-starter-aop/2.1.0.BUILD-SNAPSHOT/spring-boot-starter-aop-2.1.0.BUILD-SNAPSHOT.jar:/home/gaga/.m2/repository/org/aspectj/aspectjweaver/1.9.0/aspectjweaver-1.9.0.jar:/home/gaga/.m2/repository/org/springframework/boot/spring-boot-starter-jdbc/2.1.0.BUILD-SNAPSHOT/spring-boot-starter-jdbc-2.1.0.BUILD-SNAPSHOT.jar:/home/gaga/.m2/repository/com/zaxxer/HikariCP/2.7.9/HikariCP-2.7.9.jar:/home/gaga/.m2/repository/org/springframework/spring-jdbc/5.1.0.BUILD-SNAPSHOT/spring-jdbc-5.1.0.BUILD-SNAPSHOT.jar:/home/gaga/.m2/repository/org/hibernate/hibernate-core/5.2.17.Final/hibernate-core-5.2.17.Final.jar:/home/gaga/.m2/repository/org/jboss/logging/jboss-logging/3.3.2.Final/jboss-logging-3.3.2.Final.jar:/home/gaga/.m2/repository/org/hibernate/javax/persistence/hibernate-jpa-2.1-api/1.0.2.Final/hibernate-jpa-2.1-api-1.0.2.Final.jar:/home/gaga/.m2/repository/org/javassist/javassist/3.22.0-GA/javassist-3.22.0-GA.jar:/home/gaga/.m2/repository/antlr/antlr/2.7.7/antlr-2.7.7.jar:/home/gaga/.m2/repository/org/jboss/jandex/2.0.3.Final/jandex-2.0.3.Final.jar:/home/gaga/.m2/repository/com/fasterxml/classmate/1.3.4/classmate-1.3.4.jar:/home/gaga/.m2/repository/dom4j/dom4j/1.6.1/dom4j-1.6.1.jar:/home/gaga/.m2/repository/org/hibernate/common/hibernate-commons-annotations/5.0.1.Final/hibernate-commons-annotations-5.0.1.Final.jar:/home/gaga/.m2/repository/javax/transaction/javax.transaction-api/1.2/javax.transaction-api-1.2.jar:/home/gaga/.m2/repository/org/springframework/data/spring-data-jpa/2.1.0.M3/spring-data-jpa-2.1.0.M3.jar:/home/gaga/.m2/repository/org/springframework/data/spring-data-commons/2.1.0.M3/spring-data-commons-2.1.0.M3.jar:/home/gaga/.m2/repository/org/springframework/spring-orm/5.1.0.BUILD-SNAPSHOT/spring-orm-5.1.0.BUILD-SNAPSHOT.jar:/home/gaga/.m2/repository/org/springframework/spring-context/5.1.0.BUILD-SNAPSHOT/spring-context-5.1.0.BUILD-SNAPSHOT.jar:/home/gaga/.m2/repository/org/springframework/spring-tx/5.1.0.BUILD-SNAPSHOT/spring-tx-5.1.0.BUILD-SNAPSHOT.jar:/home/gaga/.m2/repository/org/springframework/spring-beans/5.1.0.BUILD-SNAPSHOT/spring-beans-5.1.0.BUILD-SNAPSHOT.jar:/home/gaga/.m2/repository/org/slf4j/slf4j-api/1.7.25/slf4j-api-1.7.25.jar:/home/gaga/.m2/repository/org/springframework/spring-aspects/5.1.0.BUILD-SNAPSHOT/spring-aspects-5.1.0.BUILD-SNAPSHOT.jar:/home/gaga/.m2/repository/org/springframework/boot/spring-boot-starter-data-redis/2.1.0.BUILD-SNAPSHOT/spring-boot-starter-data-redis-2.1.0.BUILD-SNAPSHOT.jar:/home/gaga/.m2/repository/org/springframework/data/spring-data-redis/2.1.0.M3/spring-data-redis-2.1.0.M3.jar:/home/gaga/.m2/repository/org/springframework/data/spring-data-keyvalue/2.1.0.M3/spring-data-keyvalue-2.1.0.M3.jar:/home/gaga/.m2/repository/org/springframework/spring-oxm/5.1.0.BUILD-SNAPSHOT/spring-oxm-5.1.0.BUILD-SNAPSHOT.jar:/home/gaga/.m2/repository/org/springframework/spring-context-support/5.1.0.BUILD-SNAPSHOT/spring-context-support-5.1.0.BUILD-SNAPSHOT.jar:/home/gaga/.m2/repository/io/lettuce/lettuce-core/5.1.0.M1/lettuce-core-5.1.0.M1.jar:/home/gaga/.m2/repository/io/projectreactor/reactor-core/3.2.0.BUILD-SNAPSHOT/reactor-core-3.2.0.BUILD-SNAPSHOT.jar:/home/gaga/.m2/repository/org/reactivestreams/reactive-streams/1.0.2/reactive-streams-1.0.2.jar:/home/gaga/.m2/repository/io/netty/netty-common/4.1.25.Final/netty-common-4.1.25.Final.jar:/home/gaga/.m2/repository/io/netty/netty-transport/4.1.25.Final/netty-transport-4.1.25.Final.jar:/home/gaga/.m2/repository/io/netty/netty-buffer/4.1.25.Final/netty-buffer-4.1.25.Final.jar:/home/gaga/.m2/repository/io/netty/netty-resolver/4.1.25.Final/netty-resolver-4.1.25.Final.jar:/home/gaga/.m2/repository/io/netty/netty-handler/4.1.25.Final/netty-handler-4.1.25.Final.jar:/home/gaga/.m2/repository/io/netty/netty-codec/4.1.25.Final/netty-codec-4.1.25.Final.jar:/home/gaga/.m2/repository/org/springframework/boot/spring-boot-starter-security/2.1.0.BUILD-SNAPSHOT/spring-boot-starter-security-2.1.0.BUILD-SNAPSHOT.jar:/home/gaga/.m2/repository/org/springframework/spring-aop/5.1.0.BUILD-SNAPSHOT/spring-aop-5.1.0.BUILD-SNAPSHOT.jar:/home/gaga/.m2/repository/org/springframework/security/spring-security-config/5.1.0.M1/spring-security-config-5.1.0.M1.jar:/home/gaga/.m2/repository/org/springframework/security/spring-security-web/5.1.0.M1/spring-security-web-5.1.0.M1.jar:/home/gaga/.m2/repository/org/springframework/spring-expression/5.1.0.BUILD-SNAPSHOT/spring-expression-5.1.0.BUILD-SNAPSHOT.jar:/home/gaga/.m2/repository/org/springframework/boot/spring-boot-starter-web/2.1.0.BUILD-SNAPSHOT/spring-boot-starter-web-2.1.0.BUILD-SNAPSHOT.jar:/home/gaga/.m2/repository/org/springframework/boot/spring-boot-starter-json/2.1.0.BUILD-SNAPSHOT/spring-boot-starter-json-2.1.0.BUILD-SNAPSHOT.jar:/home/gaga/.m2/repository/com/fasterxml/jackson/core/jackson-databind/2.9.5/jackson-databind-2.9.5.jar:/home/gaga/.m2/repository/com/fasterxml/jackson/core/jackson-annotations/2.9.0/jackson-annotations-2.9.0.jar:/home/gaga/.m2/repository/com/fasterxml/jackson/core/jackson-core/2.9.5/jackson-core-2.9.5.jar:/home/gaga/.m2/repository/com/fasterxml/jackson/datatype/jackson-datatype-jdk8/2.9.5/jackson-datatype-jdk8-2.9.5.jar:/home/gaga/.m2/repository/com/fasterxml/jackson/datatype/jackson-datatype-jsr310/2.9.5/jackson-datatype-jsr310-2.9.5.jar:/home/gaga/.m2/repository/com/fasterxml/jackson/module/jackson-module-parameter-names/2.9.5/jackson-module-parameter-names-2.9.5.jar:/home/gaga/.m2/repository/org/springframework/boot/spring-boot-starter-tomcat/2.1.0.BUILD-SNAPSHOT/spring-boot-starter-tomcat-2.1.0.BUILD-SNAPSHOT.jar:/home/gaga/.m2/repository/org/apache/tomcat/embed/tomcat-embed-core/8.5.31/tomcat-embed-core-8.5.31.jar:/home/gaga/.m2/repository/org/apache/tomcat/embed/tomcat-embed-el/8.5.31/tomcat-embed-el-8.5.31.jar:/home/gaga/.m2/repository/org/apache/tomcat/embed/tomcat-embed-websocket/8.5.31/tomcat-embed-websocket-8.5.31.jar:/home/gaga/.m2/repository/org/hibernate/validator/hibernate-validator/6.0.10.Final/hibernate-validator-6.0.10.Final.jar:/home/gaga/.m2/repository/javax/validation/validation-api/2.0.1.Final/validation-api-2.0.1.Final.jar:/home/gaga/.m2/repository/org/springframework/spring-web/5.1.0.BUILD-SNAPSHOT/spring-web-5.1.0.BUILD-SNAPSHOT.jar:/home/gaga/.m2/repository/org/springframework/spring-webmvc/5.1.0.BUILD-SNAPSHOT/spring-webmvc-5.1.0.BUILD-SNAPSHOT.jar:/home/gaga/.m2/repository/org/springframework/session/spring-session-data-redis/2.0.3.RELEASE/spring-session-data-redis-2.0.3.RELEASE.jar:/home/gaga/.m2/repository/org/springframework/session/spring-session-core/2.0.3.RELEASE/spring-session-core-2.0.3.RELEASE.jar:/home/gaga/.m2/repository/org/springframework/spring-jcl/5.1.0.BUILD-SNAPSHOT/spring-jcl-5.1.0.BUILD-SNAPSHOT.jar:/home/gaga/.m2/repository/mysql/mysql-connector-java/5.1.46/mysql-connector-java-5.1.46.jar:/home/gaga/.m2/repository/org/springframework/boot/spring-boot-starter-test/2.1.0.BUILD-SNAPSHOT/spring-boot-starter-test-2.1.0.BUILD-SNAPSHOT.jar:/home/gaga/.m2/repository/org/springframework/boot/spring-boot-test/2.1.0.BUILD-SNAPSHOT/spring-boot-test-2.1.0.BUILD-SNAPSHOT.jar:/home/gaga/.m2/repository/org/springframework/boot/spring-boot-test-autoconfigure/2.1.0.BUILD-SNAPSHOT/spring-boot-test-autoconfigure-2.1.0.BUILD-SNAPSHOT.jar:/home/gaga/.m2/repository/com/jayway/jsonpath/json-path/2.4.0/json-path-2.4.0.jar:/home/gaga/.m2/repository/net/minidev/json-smart/2.3/json-smart-2.3.jar:/home/gaga/.m2/repository/net/minidev/accessors-smart/1.2/accessors-smart-1.2.jar:/home/gaga/.m2/repository/org/ow2/asm/asm/5.0.4/asm-5.0.4.jar:/home/gaga/.m2/repository/junit/junit/4.12/junit-4.12.jar:/home/gaga/.m2/repository/org/assertj/assertj-core/3.9.1/assertj-core-3.9.1.jar:/home/gaga/.m2/repository/org/mockito/mockito-core/2.18.3/mockito-core-2.18.3.jar:/home/gaga/.m2/repository/net/bytebuddy/byte-buddy/1.7.11/byte-buddy-1.7.11.jar:/home/gaga/.m2/repository/net/bytebuddy/byte-buddy-agent/1.7.11/byte-buddy-agent-1.7.11.jar:/home/gaga/.m2/repository/org/objenesis/objenesis/2.6/objenesis-2.6.jar:/home/gaga/.m2/repository/org/hamcrest/hamcrest-core/1.3/hamcrest-core-1.3.jar:/home/gaga/.m2/repository/org/hamcrest/hamcrest-library/1.3/hamcrest-library-1.3.jar:/home/gaga/.m2/repository/org/skyscreamer/jsonassert/1.5.0/jsonassert-1.5.0.jar:/home/gaga/.m2/repository/com/vaadin/external/google/android-json/0.0.20131108.vaadin1/android-json-0.0.20131108.vaadin1.jar:/home/gaga/.m2/repository/org/springframework/spring-core/5.1.0.BUILD-SNAPSHOT/spring-core-5.1.0.BUILD-SNAPSHOT.jar:/home/gaga/.m2/repository/org/springframework/spring-test/5.1.0.BUILD-SNAPSHOT/spring-test-5.1.0.BUILD-SNAPSHOT.jar:/home/gaga/.m2/repository/org/xmlunit/xmlunit-core/2.5.1/xmlunit-core-2.5.1.jar:/home/gaga/.m2/repository/org/springframework/security/spring-security-test/5.1.0.M1/spring-security-test-5.1.0.M1.jar:/home/gaga/.m2/repository/org/springframework/security/spring-security-core/5.1.0.M1/spring-security-core-5.1.0.M1.jar:, java.specification.name=Java Platform API Specification, java.class.version=52.0, sun.management.compiler=HotSpot 64-Bit Tiered Compilers, os.version=4.4.0-127-generic, user.home=/home/gaga, user.timezone=Europe/Volgograd, java.awt.printerjob=sun.print.PSPrinterJob, file.encoding=UTF-8, java.specification.version=1.8, java.class.path=/home/gaga/jobs/projects/car-rental/app/target/test-classes:/home/gaga/jobs/projects/car-rental/app/target/classes:/home/gaga/.m2/repository/org/springframework/boot/spring-boot-starter-data-jpa/2.1.0.BUILD-SNAPSHOT/spring-boot-starter-data-jpa-2.1.0.BUILD-SNAPSHOT.jar:/home/gaga/.m2/repository/org/springframework/boot/spring-boot-starter/2.1.0.BUILD-SNAPSHOT/spring-boot-starter-2.1.0.BUILD-SNAPSHOT.jar:/home/gaga/.m2/repository/org/springframework/boot/spring-boot/2.1.0.BUILD-SNAPSHOT/spring-boot-2.1.0.BUILD-SNAPSHOT.jar:/home/gaga/.m2/repository/org/springframework/boot/spring-boot-autoconfigure/2.1.0.BUILD-SNAPSHOT/spring-boot-autoconfigure-2.1.0.BUILD-SNAPSHOT.jar:/home/gaga/.m2/repository/org/springframework/boot/spring-boot-starter-logging/2.1.0.BUILD-SNAPSHOT/spring-boot-starter-logging-2.1.0.BUILD-SNAPSHOT.jar:/home/gaga/.m2/repository/ch/qos/logback/logback-classic/1.2.3/logback-classic-1.2.3.jar:/home/gaga/.m2/repository/ch/qos/logback/logback-core/1.2.3/logback-core-1.2.3.jar:/home/gaga/.m2/repository/org/apache/logging/log4j/log4j-to-slf4j/2.10.0/log4j-to-slf4j-2.10.0.jar:/home/gaga/.m2/repository/org/apache/logging/log4j/log4j-api/2.10.0/log4j-api-2.10.0.jar:/home/gaga/.m2/repository/org/slf4j/jul-to-slf4j/1.7.25/jul-to-slf4j-1.7.25.jar:/home/gaga/.m2/repository/javax/annotation/javax.annotation-api/1.3.2/javax.annotation-api-1.3.2.jar:/home/gaga/.m2/repository/org/yaml/snakeyaml/1.19/snakeyaml-1.19.jar:/home/gaga/.m2/repository/org/springframework/boot/spring-boot-starter-aop/2.1.0.BUILD-SNAPSHOT/spring-boot-starter-aop-2.1.0.BUILD-SNAPSHOT.jar:/home/gaga/.m2/repository/org/aspectj/aspectjweaver/1.9.0/aspectjweaver-1.9.0.jar:/home/gaga/.m2/repository/org/springframework/boot/spring-boot-starter-jdbc/2.1.0.BUILD-SNAPSHOT/spring-boot-starter-jdbc-2.1.0.BUILD-SNAPSHOT.jar:/home/gaga/.m2/repository/com/zaxxer/HikariCP/2.7.9/HikariCP-2.7.9.jar:/home/gaga/.m2/repository/org/springframework/spring-jdbc/5.1.0.BUILD-SNAPSHOT/spring-jdbc-5.1.0.BUILD-SNAPSHOT.jar:/home/gaga/.m2/repository/org/hibernate/hibernate-core/5.2.17.Final/hibernate-core-5.2.17.Final.jar:/home/gaga/.m2/repository/org/jboss/logging/jboss-logging/3.3.2.Final/jboss-logging-3.3.2.Final.jar:/home/gaga/.m2/repository/org/hibernate/javax/persistence/hibernate-jpa-2.1-api/1.0.2.Final/hibernate-jpa-2.1-api-1.0.2.Final.jar:/home/gaga/.m2/repository/org/javassist/javassist/3.22.0-GA/javassist-3.22.0-GA.jar:/home/gaga/.m2/repository/antlr/antlr/2.7.7/antlr-2.7.7.jar:/home/gaga/.m2/repository/org/jboss/jandex/2.0.3.Final/jandex-2.0.3.Final.jar:/home/gaga/.m2/repository/com/fasterxml/classmate/1.3.4/classmate-1.3.4.jar:/home/gaga/.m2/repository/dom4j/dom4j/1.6.1/dom4j-1.6.1.jar:/home/gaga/.m2/repository/org/hibernate/common/hibernate-commons-annotations/5.0.1.Final/hibernate-commons-annotations-5.0.1.Final.jar:/home/gaga/.m2/repository/javax/transaction/javax.transaction-api/1.2/javax.transaction-api-1.2.jar:/home/gaga/.m2/repository/org/springframework/data/spring-data-jpa/2.1.0.M3/spring-data-jpa-2.1.0.M3.jar:/home/gaga/.m2/repository/org/springframework/data/spring-data-commons/2.1.0.M3/spring-data-commons-2.1.0.M3.jar:/home/gaga/.m2/repository/org/springframework/spring-orm/5.1.0.BUILD-SNAPSHOT/spring-orm-5.1.0.BUILD-SNAPSHOT.jar:/home/gaga/.m2/repository/org/springframework/spring-context/5.1.0.BUILD-SNAPSHOT/spring-context-5.1.0.BUILD-SNAPSHOT.jar:/home/gaga/.m2/repository/org/springframework/spring-tx/5.1.0.BUILD-SNAPSHOT/spring-tx-5.1.0.BUILD-SNAPSHOT.jar:/home/gaga/.m2/repository/org/springframework/spring-beans/5.1.0.BUILD-SNAPSHOT/spring-beans-5.1.0.BUILD-SNAPSHOT.jar:/home/gaga/.m2/repository/org/slf4j/slf4j-api/1.7.25/slf4j-api-1.7.25.jar:/home/gaga/.m2/repository/org/springframework/spring-aspects/5.1.0.BUILD-SNAPSHOT/spring-aspects-5.1.0.BUILD-SNAPSHOT.jar:/home/gaga/.m2/repository/org/springframework/boot/spring-boot-starter-data-redis/2.1.0.BUILD-SNAPSHOT/spring-boot-starter-data-redis-2.1.0.BUILD-SNAPSHOT.jar:/home/gaga/.m2/repository/org/springframework/data/spring-data-redis/2.1.0.M3/spring-data-redis-2.1.0.M3.jar:/home/gaga/.m2/repository/org/springframework/data/spring-data-keyvalue/2.1.0.M3/spring-data-keyvalue-2.1.0.M3.jar:/home/gaga/.m2/repository/org/springframework/spring-oxm/5.1.0.BUILD-SNAPSHOT/spring-oxm-5.1.0.BUILD-SNAPSHOT.jar:/home/gaga/.m2/repository/org/springframework/spring-context-support/5.1.0.BUILD-SNAPSHOT/spring-context-support-5.1.0.BUILD-SNAPSHOT.jar:/home/gaga/.m2/repository/io/lettuce/lettuce-core/5.1.0.M1/lettuce-core-5.1.0.M1.jar:/home/gaga/.m2/repository/io/projectreactor/reactor-core/3.2.0.BUILD-SNAPSHOT/reactor-core-3.2.0.BUILD-SNAPSHOT.jar:/home/gaga/.m2/repository/org/reactivestreams/reactive-streams/1.0.2/reactive-streams-1.0.2.jar:/home/gaga/.m2/repository/io/netty/netty-common/4.1.25.Final/netty-common-4.1.25.Final.jar:/home/gaga/.m2/repository/io/netty/netty-transport/4.1.25.Final/netty-transport-4.1.25.Final.jar:/home/gaga/.m2/repository/io/netty/netty-buffer/4.1.25.Final/netty-buffer-4.1.25.Final.jar:/home/gaga/.m2/repository/io/netty/netty-resolver/4.1.25.Final/netty-resolver-4.1.25.Final.jar:/home/gaga/.m2/repository/io/netty/netty-handler/4.1.25.Final/netty-handler-4.1.25.Final.jar:/home/gaga/.m2/repository/io/netty/netty-codec/4.1.25.Final/netty-codec-4.1.25.Final.jar:/home/gaga/.m2/repository/org/springframework/boot/spring-boot-starter-security/2.1.0.BUILD-SNAPSHOT/spring-boot-starter-security-2.1.0.BUILD-SNAPSHOT.jar:/home/gaga/.m2/repository/org/springframework/spring-aop/5.1.0.BUILD-SNAPSHOT/spring-aop-5.1.0.BUILD-SNAPSHOT.jar:/home/gaga/.m2/repository/org/springframework/security/spring-security-config/5.1.0.M1/spring-security-config-5.1.0.M1.jar:/home/gaga/.m2/repository/org/springframework/security/spring-security-web/5.1.0.M1/spring-security-web-5.1.0.M1.jar:/home/gaga/.m2/repository/org/springframework/spring-expression/5.1.0.BUILD-SNAPSHOT/spring-expression-5.1.0.BUILD-SNAPSHOT.jar:/home/gaga/.m2/repository/org/springframework/boot/spring-boot-starter-web/2.1.0.BUILD-SNAPSHOT/spring-boot-starter-web-2.1.0.BUILD-SNAPSHOT.jar:/home/gaga/.m2/repository/org/springframework/boot/spring-boot-starter-json/2.1.0.BUILD-SNAPSHOT/spring-boot-starter-json-2.1.0.BUILD-SNAPSHOT.jar:/home/gaga/.m2/repository/com/fasterxml/jackson/core/jackson-databind/2.9.5/jackson-databind-2.9.5.jar:/home/gaga/.m2/repository/com/fasterxml/jackson/core/jackson-annotations/2.9.0/jackson-annotations-2.9.0.jar:/home/gaga/.m2/repository/com/fasterxml/jackson/core/jackson-core/2.9.5/jackson-core-2.9.5.jar:/home/gaga/.m2/repository/com/fasterxml/jackson/datatype/jackson-datatype-jdk8/2.9.5/jackson-datatype-jdk8-2.9.5.jar:/home/gaga/.m2/repository/com/fasterxml/jackson/datatype/jackson-datatype-jsr310/2.9.5/jackson-datatype-jsr310-2.9.5.jar:/home/gaga/.m2/repository/com/fasterxml/jackson/module/jackson-module-parameter-names/2.9.5/jackson-module-parameter-names-2.9.5.jar:/home/gaga/.m2/repository/org/springframework/boot/spring-boot-starter-tomcat/2.1.0.BUILD-SNAPSHOT/spring-boot-starter-tomcat-2.1.0.BUILD-SNAPSHOT.jar:/home/gaga/.m2/repository/org/apache/tomcat/embed/tomcat-embed-core/8.5.31/tomcat-embed-core-8.5.31.jar:/home/gaga/.m2/repository/org/apache/tomcat/embed/tomcat-embed-el/8.5.31/tomcat-embed-el-8.5.31.jar:/home/gaga/.m2/repository/org/apache/tomcat/embed/tomcat-embed-websocket/8.5.31/tomcat-embed-websocket-8.5.31.jar:/home/gaga/.m2/repository/org/hibernate/validator/hibernate-validator/6.0.10.Final/hibernate-validator-6.0.10.Final.jar:/home/gaga/.m2/repository/javax/validation/validation-api/2.0.1.Final/validation-api-2.0.1.Final.jar:/home/gaga/.m2/repository/org/springframework/spring-web/5.1.0.BUILD-SNAPSHOT/spring-web-5.1.0.BUILD-SNAPSHOT.jar:/home/gaga/.m2/repository/org/springframework/spring-webmvc/5.1.0.BUILD-SNAPSHOT/spring-webmvc-5.1.0.BUILD-SNAPSHOT.jar:/home/gaga/.m2/repository/org/springframework/session/spring-session-data-redis/2.0.3.RELEASE/spring-session-data-redis-2.0.3.RELEASE.jar:/home/gaga/.m2/repository/org/springframework/session/spring-session-core/2.0.3.RELEASE/spring-session-core-2.0.3.RELEASE.jar:/home/gaga/.m2/repository/org/springframework/spring-jcl/5.1.0.BUILD-SNAPSHOT/spring-jcl-5.1.0.BUILD-SNAPSHOT.jar:/home/gaga/.m2/repository/mysql/mysql-connector-java/5.1.46/mysql-connector-java-5.1.46.jar:/home/gaga/.m2/repository/org/springframework/boot/spring-boot-starter-test/2.1.0.BUILD-SNAPSHOT/spring-boot-starter-test-2.1.0.BUILD-SNAPSHOT.jar:/home/gaga/.m2/repository/org/springframework/boot/spring-boot-test/2.1.0.BUILD-SNAPSHOT/spring-boot-test-2.1.0.BUILD-SNAPSHOT.jar:/home/gaga/.m2/repository/org/springframework/boot/spring-boot-test-autoconfigure/2.1.0.BUILD-SNAPSHOT/spring-boot-test-autoconfigure-2.1.0.BUILD-SNAPSHOT.jar:/home/gaga/.m2/repository/com/jayway/jsonpath/json-path/2.4.0/json-path-2.4.0.jar:/home/gaga/.m2/repository/net/minidev/json-smart/2.3/json-smart-2.3.jar:/home/gaga/.m2/repository/net/minidev/accessors-smart/1.2/accessors-smart-1.2.jar:/home/gaga/.m2/repository/org/ow2/asm/asm/5.0.4/asm-5.0.4.jar:/home/gaga/.m2/repository/junit/junit/4.12/junit-4.12.jar:/home/gaga/.m2/repository/org/assertj/assertj-core/3.9.1/assertj-core-3.9.1.jar:/home/gaga/.m2/repository/org/mockito/mockito-core/2.18.3/mockito-core-2.18.3.jar:/home/gaga/.m2/repository/net/bytebuddy/byte-buddy/1.7.11/byte-buddy-1.7.11.jar:/home/gaga/.m2/repository/net/bytebuddy/byte-buddy-agent/1.7.11/byte-buddy-agent-1.7.11.jar:/home/gaga/.m2/repository/org/objenesis/objenesis/2.6/objenesis-2.6.jar:/home/gaga/.m2/repository/org/hamcrest/hamcrest-core/1.3/hamcrest-core-1.3.jar:/home/gaga/.m2/repository/org/hamcrest/hamcrest-library/1.3/hamcrest-library-1.3.jar:/home/gaga/.m2/repository/org/skyscreamer/jsonassert/1.5.0/jsonassert-1.5.0.jar:/home/gaga/.m2/repository/com/vaadin/external/google/android-json/0.0.20131108.vaadin1/android-json-0.0.20131108.vaadin1.jar:/home/gaga/.m2/repository/org/springframework/spring-core/5.1.0.BUILD-SNAPSHOT/spring-core-5.1.0.BUILD-SNAPSHOT.jar:/home/gaga/.m2/repository/org/springframework/spring-test/5.1.0.BUILD-SNAPSHOT/spring-test-5.1.0.BUILD-SNAPSHOT.jar:/home/gaga/.m2/repository/org/xmlunit/xmlunit-core/2.5.1/xmlunit-core-2.5.1.jar:/home/gaga/.m2/repository/org/springframework/security/spring-security-test/5.1.0.M1/spring-security-test-5.1.0.M1.jar:/home/gaga/.m2/repository/org/springframework/security/spring-security-core/5.1.0.M1/spring-security-core-5.1.0.M1.jar:, user.name=gaga, java.vm.specification.version=1.8, sun.java.command=/home/gaga/jobs/projects/car-rental/app/target/surefire/surefirebooter2139331905682317857.jar /home/gaga/jobs/projects/car-rental/app/target/surefire 2018-06-06T22-09-23_944-jvmRun1 surefire3534278493643183113tmp surefire_06063812957780256251tmp, java.home=/usr/lib/jvm/java-8-oracle/jre, sun.arch.data.model=64, user.language=ru, java.specification.vendor=Oracle Corporation, awt.toolkit=sun.awt.X11.XToolkit, java.vm.info=mixed mode, java.version=1.8.0_66, java.ext.dirs=/usr/lib/jvm/java-8-oracle/jre/lib/ext:/usr/java/packages/lib/ext, sun.boot.class.path=/usr/lib/jvm/java-8-oracle/jre/lib/resources.jar:/usr/lib/jvm/java-8-oracle/jre/lib/rt.jar:/usr/lib/jvm/java-8-oracle/jre/lib/sunrsasign.jar:/usr/lib/jvm/java-8-oracle/jre/lib/jsse.jar:/usr/lib/jvm/java-8-oracle/jre/lib/jce.jar:/usr/lib/jvm/java-8-oracle/jre/lib/charsets.jar:/usr/lib/jvm/java-8-oracle/jre/lib/jfr.jar:/usr/lib/jvm/java-8-oracle/jre/classes, java.vendor=Oracle Corporation, localRepository=/home/gaga/.m2/repository, file.separator=/, java.vendor.url.bug=http://bugreport.sun.com/bugreport/, sun.io.unicode.encoding=UnicodeLittle, sun.cpu.endian=little, sun.desktop=gnome, sun.cpu.isalist=}}, SystemEnvironmentPropertySource@1890187342 {name='systemEnvironment', properties={PATH=PATH=/usr/local/sbin:/usr/local/bin:/usr/sbin:/usr/bin:/sbin:/bin:/usr/games:/usr/local/games:/snap/bin:/opt/IBM/informix/bin, XAUTHORITY=/home/gaga/.Xauthority, XMODIFIERS=@im=ibus, XDG_DATA_DIRS=/usr/share/ubuntu:/usr/share/gnome:/usr/local/share:/usr/share:/var/lib/snapd/desktop:/var/lib/snapd/desktop, GDMSESSION=ubuntu, MANDATORY_PATH=/usr/share/gconf/ubuntu.mandatory.path, INFORMIXDIR=/opt/IBM/informix, GTK_IM_MODULE=ibus, DBUS_SESSION_BUS_ADDRESS=unix:abstract=/tmp/dbus-AcyqJKKrf6, DEFAULTS_PATH=/usr/share/gconf/ubuntu.default.path, XDG_CURRENT_DESKTOP=Unity, UPSTART_SESSION=unix:abstract=/com/ubuntu/upstart-session/1000/1907, QT4_IM_MODULE=xim, QT_LINUX_ACCESSIBILITY_ALWAYS_ON=1, LOGNAME=gaga, JOB=gnome-session, PWD=/home/gaga/jobs/projects/car-rental/app, PAM_KWALLET5_LOGIN=/tmp/kwallet5_gaga.socket, IM_CONFIG_PHASE=1, LANGUAGE=ru, WINDOWID=75497482, SHELL=/bin/bash, LESSOPEN=| /usr/bin/lesspipe %s, GTK2_MODULES=overlay-scrollbar, INSTANCE=Unity, OLDPWD=/home/gaga/jobs/projects/car-rental/app, GNOME_DESKTOP_SESSION_ID=this-is-deprecated, UPSTART_INSTANCE=, GTK_MODULES=gail:atk-bridge:unity-gtk-module, CLUTTER_IM_MODULE=xim, XDG_SESSION_PATH=/org/freedesktop/DisplayManager/Session0, SESSIONTYPE=gnome-session, LS_COLORS=rs=0:di=01;34:ln=01;36:mh=00:pi=40;33:so=01;35:do=01;35:bd=40;33;01:cd=40;33;01:or=40;31;01:mi=00:su=37;41:sg=30;43:ca=30;41:tw=30;42:ow=34;42:st=37;44:ex=01;32:*.tar=01;31:*.tgz=01;31:*.arc=01;31:*.arj=01;31:*.taz=01;31:*.lha=01;31:*.lz4=01;31:*.lzh=01;31:*.lzma=01;31:*.tlz=01;31:*.txz=01;31:*.tzo=01;31:*.t7z=01;31:*.zip=01;31:*.z=01;31:*.Z=01;31:*.dz=01;31:*.gz=01;31:*.lrz=01;31:*.lz=01;31:*.lzo=01;31:*.xz=01;31:*.bz2=01;31:*.bz=01;31:*.tbz=01;31:*.tbz2=01;31:*.tz=01;31:*.deb=01;31:*.rpm=01;31:*.jar=01;31:*.war=01;31:*.ear=01;31:*.sar=01;31:*.rar=01;31:*.alz=01;31:*.ace=01;31:*.zoo=01;31:*.cpio=01;31:*.7z=01;31:*.rz=01;31:*.cab=01;31:*.jpg=01;35:*.jpeg=01;35:*.gif=01;35:*.bmp=01;35:*.pbm=01;35:*.pgm=01;35:*.ppm=01;35:*.tga=01;35:*.xbm=01;35:*.xpm=01;35:*.tif=01;35:*.tiff=01;35:*.png=01;35:*.svg=01;35:*.svgz=01;35:*.mng=01;35:*.pcx=01;35:*.mov=01;35:*.mpg=01;35:*.mpeg=01;35:*.m2v=01;35:*.mkv=01;35:*.webm=01;35:*.ogm=01;35:*.mp4=01;35:*.m4v=01;35:*.mp4v=01;35:*.vob=01;35:*.qt=01;35:*.nuv=01;35:*.wmv=01;35:*.asf=01;35:*.rm=01;35:*.rmvb=01;35:*.flc=01;35:*.avi=01;35:*.fli=01;35:*.flv=01;35:*.gl=01;35:*.dl=01;35:*.xcf=01;35:*.xwd=01;35:*.yuv=01;35:*.cgm=01;35:*.emf=01;35:*.ogv=01;35:*.ogx=01;35:*.aac=00;36:*.au=00;36:*.flac=00;36:*.m4a=00;36:*.mid=00;36:*.midi=00;36:*.mka=00;36:*.mp3=00;36:*.mpc=00;36:*.ogg=00;36:*.ra=00;36:*.wav=00;36:*.oga=00;36:*.opus=00;36:*.spx=00;36:*.xspf=00;36:, XDG_SESSION_DESKTOP=ubuntu, SHLVL=1, PAM_KWALLET_LOGIN=/tmp/kwallet_gaga.socket, LESSCLOSE=/usr/bin/lesspipe %s %s, COMPIZ_CONFIG_PROFILE=ubuntu, QT_IM_MODULE=ibus, UPSTART_JOB=unity-settings-daemon, JAVA_HOME=/usr/lib/jvm/java-8-oracle, TERM=xterm-256color, XDG_CONFIG_DIRS=/etc/xdg/xdg-ubuntu:/usr/share/upstart/xdg:/etc/xdg, XFILESEARCHPATH=/usr/dt/app-defaults/%L/Dt, LANG=ru_RU.UTF-8, GNOME_KEYRING_CONTROL=, XDG_SEAT_PATH=/org/freedesktop/DisplayManager/Seat0, XDG_SESSION_ID=c2, XDG_SESSION_TYPE=x11, DISPLAY=:0, MAVEN_CMD_LINE_ARGS= clean package, _=/usr/bin/mvn, GDM_LANG=ru, XDG_GREETER_DATA_DIR=/var/lib/lightdm-data/gaga, UPSTART_EVENTS=started starting, GPG_AGENT_INFO=/home/gaga/.gnupg/S.gpg-agent:0:1, MAVEN_PROJECTBASEDIR=/home/gaga/jobs/projects/car-rental/app, DESKTOP_SESSION=ubuntu, USER=gaga, VTE_VERSION=4205, QT_ACCESSIBILITY=1, SSH_AUTH_SOCK=/run/user/1000/keyring/ssh, XDG_SEAT=seat0, NLSPATH=/opt/cprocsp/share/locale/%L/LC_MESSAGES/%N:/usr/dt/lib/nls/msg/%L/%N.cat, QT_QPA_PLATFORMTHEME=appmenu-qt5, XDG_VTNR=7, XDG_RUNTIME_DIR=/run/user/1000, HOME=/home/gaga, GNOME_KEYRING_PID=}}]
22:09:29.269 [main] DEBUG org.springframework.core.io.support.PathMatchingResourcePatternResolver - Resolved classpath location [ru/domru/carrental/] to resources [URL [file:/home/gaga/jobs/projects/car-rental/app/target/test-classes/ru/domru/carrental/], URL [file:/home/gaga/jobs/projects/car-rental/app/target/classes/ru/domru/carrental/]]
22:09:29.270 [main] DEBUG org.springframework.core.io.support.PathMatchingResourcePatternResolver - Looking for matching resources in directory tree [/home/gaga/jobs/projects/car-rental/app/target/test-classes/ru/domru/carrental]
22:09:29.271 [main] DEBUG org.springframework.core.io.support.PathMatchingResourcePatternResolver - Searching directory [/home/gaga/jobs/projects/car-rental/app/target/test-classes/ru/domru/carrental] for files matching pattern [/home/gaga/jobs/projects/car-rental/app/target/test-classes/ru/domru/carrental/*.class]
22:09:29.278 [main] DEBUG org.springframework.core.io.support.PathMatchingResourcePatternResolver - Looking for matching resources in directory tree [/home/gaga/jobs/projects/car-rental/app/target/classes/ru/domru/carrental]
22:09:29.278 [main] DEBUG org.springframework.core.io.support.PathMatchingResourcePatternResolver - Searching directory [/home/gaga/jobs/projects/car-rental/app/target/classes/ru/domru/carrental] for files matching pattern [/home/gaga/jobs/projects/car-rental/app/target/classes/ru/domru/carrental/*.class]
22:09:29.280 [main] DEBUG org.springframework.core.io.support.PathMatchingResourcePatternResolver - Resolved location pattern [classpath*:ru/domru/carrental/*.class] to resources [file [/home/gaga/jobs/projects/car-rental/app/target/test-classes/ru/domru/carrental/CarRentalApplicationTests.class], file [/home/gaga/jobs/projects/car-rental/app/target/classes/ru/domru/carrental/CarRentalApplication.class]]
22:09:29.425 [main] DEBUG org.springframework.context.annotation.ClassPathScanningCandidateComponentProvider - Identified candidate component class: file [/home/gaga/jobs/projects/car-rental/app/target/classes/ru/domru/carrental/CarRentalApplication.class]
22:09:29.428 [main] INFO org.springframework.boot.test.context.SpringBootTestContextBootstrapper - Found @SpringBootConfiguration ru.domru.carrental.CarRentalApplication for test class ru.domru.carrental.CarRentalApplicationTests
22:09:29.741 [main] DEBUG org.springframework.boot.test.context.SpringBootTestContextBootstrapper - @TestExecutionListeners is not present for class [ru.domru.carrental.CarRentalApplicationTests]: using defaults.
22:09:29.742 [main] INFO org.springframework.boot.test.context.SpringBootTestContextBootstrapper - Loaded default TestExecutionListener class names from location [META-INF/spring.factories]: [org.springframework.boot.test.mock.mockito.MockitoTestExecutionListener, org.springframework.boot.test.mock.mockito.ResetMocksTestExecutionListener, org.springframework.boot.test.autoconfigure.restdocs.RestDocsTestExecutionListener, org.springframework.boot.test.autoconfigure.web.client.MockRestServiceServerResetTestExecutionListener, org.springframework.boot.test.autoconfigure.web.servlet.MockMvcPrintOnlyOnFailureTestExecutionListener, org.springframework.boot.test.autoconfigure.web.servlet.WebDriverTestExecutionListener, org.springframework.test.context.web.ServletTestExecutionListener, org.springframework.test.context.support.DirtiesContextBeforeModesTestExecutionListener, org.springframework.test.context.support.DependencyInjectionTestExecutionListener, org.springframework.test.context.support.DirtiesContextTestExecutionListener, org.springframework.test.context.transaction.TransactionalTestExecutionListener, org.springframework.test.context.jdbc.SqlScriptsTestExecutionListener, org.springframework.security.test.context.support.WithSecurityContextTestExecutionListener, org.springframework.security.test.context.support.ReactorContextTestExecutionListener]
22:09:29.948 [main] INFO org.springframework.boot.test.context.SpringBootTestContextBootstrapper - Using TestExecutionListeners: [org.springframework.test.context.web.ServletTestExecutionListener@28f2a10f, org.springframework.test.context.support.DirtiesContextBeforeModesTestExecutionListener@f736069, org.springframework.boot.test.mock.mockito.MockitoTestExecutionListener@6da21078, org.springframework.boot.test.autoconfigure.SpringBootDependencyInjectionTestExecutionListener@7fee8714, org.springframework.test.context.support.DirtiesContextTestExecutionListener@4229bb3f, org.springframework.test.context.transaction.TransactionalTestExecutionListener@56cdfb3b, org.springframework.test.context.jdbc.SqlScriptsTestExecutionListener@2b91004a, org.springframework.security.test.context.support.WithSecurityContextTestExecutionListener@20ccf40b, org.springframework.security.test.context.support.ReactorContextTestExecutionListener@2fb3536e, org.springframework.boot.test.mock.mockito.ResetMocksTestExecutionListener@169e6180, org.springframework.boot.test.autoconfigure.restdocs.RestDocsTestExecutionListener@35aea049, org.springframework.boot.test.autoconfigure.web.client.MockRestServiceServerResetTestExecutionListener@7205765b, org.springframework.boot.test.autoconfigure.web.servlet.MockMvcPrintOnlyOnFailureTestExecutionListener@47987356, org.springframework.boot.test.autoconfigure.web.servlet.WebDriverTestExecutionListener@22ef9844]
22:09:29.952 [main] DEBUG org.springframework.test.annotation.ProfileValueUtils - Retrieved @ProfileValueSourceConfiguration [null] for test class [ru.domru.carrental.CarRentalApplicationTests]
22:09:29.954 [main] DEBUG org.springframework.test.annotation.ProfileValueUtils - Retrieved ProfileValueSource type [class org.springframework.test.annotation.SystemProfileValueSource] for class [ru.domru.carrental.CarRentalApplicationTests]
22:09:29.957 [main] DEBUG org.springframework.test.annotation.ProfileValueUtils - Retrieved @ProfileValueSourceConfiguration [null] for test class [ru.domru.carrental.CarRentalApplicationTests]
22:09:29.958 [main] DEBUG org.springframework.test.annotation.ProfileValueUtils - Retrieved ProfileValueSource type [class org.springframework.test.annotation.SystemProfileValueSource] for class [ru.domru.carrental.CarRentalApplicationTests]
22:09:29.960 [main] DEBUG org.springframework.test.annotation.ProfileValueUtils - Retrieved @ProfileValueSourceConfiguration [null] for test class [ru.domru.carrental.CarRentalApplicationTests]
22:09:29.960 [main] DEBUG org.springframework.test.annotation.ProfileValueUtils - Retrieved ProfileValueSource type [class org.springframework.test.annotation.SystemProfileValueSource] for class [ru.domru.carrental.CarRentalApplicationTests]
22:09:29.971 [main] DEBUG org.springframework.test.context.support.AbstractDirtiesContextTestExecutionListener - Before test class: context [DefaultTestContext@6fd83fc1 testClass = CarRentalApplicationTests, testInstance = [null], testMethod = [null], testException = [null], mergedContextConfiguration = [WebMergedContextConfiguration@4f2b503c testClass = CarRentalApplicationTests, locations = '{}', classes = '{class ru.domru.carrental.CarRentalApplication}', contextInitializerClasses = '[]', activeProfiles = '{}', propertySourceLocations = '{}', propertySourceProperties = '{org.springframework.boot.test.context.SpringBootTestContextBootstrapper=true}', contextCustomizers = set[org.springframework.boot.test.context.filter.ExcludeFilterContextCustomizer@704d6e83, org.springframework.boot.test.json.DuplicateJsonObjectContextCustomizerFactory$DuplicateJsonObjectContextCustomizer@2eda0940, org.springframework.boot.test.mock.mockito.MockitoContextCustomizer@0, org.springframework.boot.test.web.client.TestRestTemplateContextCustomizer@5204062d, org.springframework.boot.test.autoconfigure.properties.PropertyMappingContextCustomizer@0, org.springframework.boot.test.autoconfigure.web.servlet.WebDriverContextCustomizerFactory$Customizer@16022d9d], resourceBasePath = 'src/main/webapp', contextLoader = 'org.springframework.boot.test.context.SpringBootContextLoader', parent = [null]], attributes = map['org.springframework.test.context.web.ServletTestExecutionListener.activateListener' -> true]], class annotated with @DirtiesContext [false] with mode [null].
22:09:29.974 [main] DEBUG org.springframework.test.annotation.ProfileValueUtils - Retrieved @ProfileValueSourceConfiguration [null] for test class [ru.domru.carrental.CarRentalApplicationTests]
22:09:29.975 [main] DEBUG org.springframework.test.annotation.ProfileValueUtils - Retrieved ProfileValueSource type [class org.springframework.test.annotation.SystemProfileValueSource] for class [ru.domru.carrental.CarRentalApplicationTests]
22:09:30.049 [main] DEBUG org.springframework.core.env.StandardEnvironment - Adding PropertySource 'systemProperties' with lowest search precedence
22:09:30.050 [main] DEBUG org.springframework.core.env.StandardEnvironment - Adding PropertySource 'systemEnvironment' with lowest search precedence
22:09:30.051 [main] DEBUG org.springframework.core.env.StandardEnvironment - Initialized StandardEnvironment with PropertySources [MapPropertySource@155361948 {name='systemProperties', properties={java.runtime.name=Java(TM) SE Runtime Environment, sun.boot.library.path=/usr/lib/jvm/java-8-oracle/jre/lib/amd64, java.vm.version=25.66-b17, java.vm.vendor=Oracle Corporation, java.vendor.url=http://java.oracle.com/, path.separator=:, java.vm.name=Java HotSpot(TM) 64-Bit Server VM, file.encoding.pkg=sun.io, user.country=RU, sun.java.launcher=SUN_STANDARD, sun.os.patch.level=unknown, java.vm.specification.name=Java Virtual Machine Specification, user.dir=/home/gaga/jobs/projects/car-rental/app, java.runtime.version=1.8.0_66-b17, basedir=/home/gaga/jobs/projects/car-rental/app, java.awt.graphicsenv=sun.awt.X11GraphicsEnvironment, java.endorsed.dirs=/usr/lib/jvm/java-8-oracle/jre/lib/endorsed, os.arch=amd64, surefire.real.class.path=/home/gaga/jobs/projects/car-rental/app/target/surefire/surefirebooter2139331905682317857.jar, java.io.tmpdir=/tmp, line.separator=
, java.vm.specification.vendor=Oracle Corporation, os.name=Linux, sun.jnu.encoding=UTF-8, java.library.path=/usr/java/packages/lib/amd64:/usr/lib64:/lib64:/lib:/usr/lib, surefire.test.class.path=/home/gaga/jobs/projects/car-rental/app/target/test-classes:/home/gaga/jobs/projects/car-rental/app/target/classes:/home/gaga/.m2/repository/org/springframework/boot/spring-boot-starter-data-jpa/2.1.0.BUILD-SNAPSHOT/spring-boot-starter-data-jpa-2.1.0.BUILD-SNAPSHOT.jar:/home/gaga/.m2/repository/org/springframework/boot/spring-boot-starter/2.1.0.BUILD-SNAPSHOT/spring-boot-starter-2.1.0.BUILD-SNAPSHOT.jar:/home/gaga/.m2/repository/org/springframework/boot/spring-boot/2.1.0.BUILD-SNAPSHOT/spring-boot-2.1.0.BUILD-SNAPSHOT.jar:/home/gaga/.m2/repository/org/springframework/boot/spring-boot-autoconfigure/2.1.0.BUILD-SNAPSHOT/spring-boot-autoconfigure-2.1.0.BUILD-SNAPSHOT.jar:/home/gaga/.m2/repository/org/springframework/boot/spring-boot-starter-logging/2.1.0.BUILD-SNAPSHOT/spring-boot-starter-logging-2.1.0.BUILD-SNAPSHOT.jar:/home/gaga/.m2/repository/ch/qos/logback/logback-classic/1.2.3/logback-classic-1.2.3.jar:/home/gaga/.m2/repository/ch/qos/logback/logback-core/1.2.3/logback-core-1.2.3.jar:/home/gaga/.m2/repository/org/apache/logging/log4j/log4j-to-slf4j/2.10.0/log4j-to-slf4j-2.10.0.jar:/home/gaga/.m2/repository/org/apache/logging/log4j/log4j-api/2.10.0/log4j-api-2.10.0.jar:/home/gaga/.m2/repository/org/slf4j/jul-to-slf4j/1.7.25/jul-to-slf4j-1.7.25.jar:/home/gaga/.m2/repository/javax/annotation/javax.annotation-api/1.3.2/javax.annotation-api-1.3.2.jar:/home/gaga/.m2/repository/org/yaml/snakeyaml/1.19/snakeyaml-1.19.jar:/home/gaga/.m2/repository/org/springframework/boot/spring-boot-starter-aop/2.1.0.BUILD-SNAPSHOT/spring-boot-starter-aop-2.1.0.BUILD-SNAPSHOT.jar:/home/gaga/.m2/repository/org/aspectj/aspectjweaver/1.9.0/aspectjweaver-1.9.0.jar:/home/gaga/.m2/repository/org/springframework/boot/spring-boot-starter-jdbc/2.1.0.BUILD-SNAPSHOT/spring-boot-starter-jdbc-2.1.0.BUILD-SNAPSHOT.jar:/home/gaga/.m2/repository/com/zaxxer/HikariCP/2.7.9/HikariCP-2.7.9.jar:/home/gaga/.m2/repository/org/springframework/spring-jdbc/5.1.0.BUILD-SNAPSHOT/spring-jdbc-5.1.0.BUILD-SNAPSHOT.jar:/home/gaga/.m2/repository/org/hibernate/hibernate-core/5.2.17.Final/hibernate-core-5.2.17.Final.jar:/home/gaga/.m2/repository/org/jboss/logging/jboss-logging/3.3.2.Final/jboss-logging-3.3.2.Final.jar:/home/gaga/.m2/repository/org/hibernate/javax/persistence/hibernate-jpa-2.1-api/1.0.2.Final/hibernate-jpa-2.1-api-1.0.2.Final.jar:/home/gaga/.m2/repository/org/javassist/javassist/3.22.0-GA/javassist-3.22.0-GA.jar:/home/gaga/.m2/repository/antlr/antlr/2.7.7/antlr-2.7.7.jar:/home/gaga/.m2/repository/org/jboss/jandex/2.0.3.Final/jandex-2.0.3.Final.jar:/home/gaga/.m2/repository/com/fasterxml/classmate/1.3.4/classmate-1.3.4.jar:/home/gaga/.m2/repository/dom4j/dom4j/1.6.1/dom4j-1.6.1.jar:/home/gaga/.m2/repository/org/hibernate/common/hibernate-commons-annotations/5.0.1.Final/hibernate-commons-annotations-5.0.1.Final.jar:/home/gaga/.m2/repository/javax/transaction/javax.transaction-api/1.2/javax.transaction-api-1.2.jar:/home/gaga/.m2/repository/org/springframework/data/spring-data-jpa/2.1.0.M3/spring-data-jpa-2.1.0.M3.jar:/home/gaga/.m2/repository/org/springframework/data/spring-data-commons/2.1.0.M3/spring-data-commons-2.1.0.M3.jar:/home/gaga/.m2/repository/org/springframework/spring-orm/5.1.0.BUILD-SNAPSHOT/spring-orm-5.1.0.BUILD-SNAPSHOT.jar:/home/gaga/.m2/repository/org/springframework/spring-context/5.1.0.BUILD-SNAPSHOT/spring-context-5.1.0.BUILD-SNAPSHOT.jar:/home/gaga/.m2/repository/org/springframework/spring-tx/5.1.0.BUILD-SNAPSHOT/spring-tx-5.1.0.BUILD-SNAPSHOT.jar:/home/gaga/.m2/repository/org/springframework/spring-beans/5.1.0.BUILD-SNAPSHOT/spring-beans-5.1.0.BUILD-SNAPSHOT.jar:/home/gaga/.m2/repository/org/slf4j/slf4j-api/1.7.25/slf4j-api-1.7.25.jar:/home/gaga/.m2/repository/org/springframework/spring-aspects/5.1.0.BUILD-SNAPSHOT/spring-aspects-5.1.0.BUILD-SNAPSHOT.jar:/home/gaga/.m2/repository/org/springframework/boot/spring-boot-starter-data-redis/2.1.0.BUILD-SNAPSHOT/spring-boot-starter-data-redis-2.1.0.BUILD-SNAPSHOT.jar:/home/gaga/.m2/repository/org/springframework/data/spring-data-redis/2.1.0.M3/spring-data-redis-2.1.0.M3.jar:/home/gaga/.m2/repository/org/springframework/data/spring-data-keyvalue/2.1.0.M3/spring-data-keyvalue-2.1.0.M3.jar:/home/gaga/.m2/repository/org/springframework/spring-oxm/5.1.0.BUILD-SNAPSHOT/spring-oxm-5.1.0.BUILD-SNAPSHOT.jar:/home/gaga/.m2/repository/org/springframework/spring-context-support/5.1.0.BUILD-SNAPSHOT/spring-context-support-5.1.0.BUILD-SNAPSHOT.jar:/home/gaga/.m2/repository/io/lettuce/lettuce-core/5.1.0.M1/lettuce-core-5.1.0.M1.jar:/home/gaga/.m2/repository/io/projectreactor/reactor-core/3.2.0.BUILD-SNAPSHOT/reactor-core-3.2.0.BUILD-SNAPSHOT.jar:/home/gaga/.m2/repository/org/reactivestreams/reactive-streams/1.0.2/reactive-streams-1.0.2.jar:/home/gaga/.m2/repository/io/netty/netty-common/4.1.25.Final/netty-common-4.1.25.Final.jar:/home/gaga/.m2/repository/io/netty/netty-transport/4.1.25.Final/netty-transport-4.1.25.Final.jar:/home/gaga/.m2/repository/io/netty/netty-buffer/4.1.25.Final/netty-buffer-4.1.25.Final.jar:/home/gaga/.m2/repository/io/netty/netty-resolver/4.1.25.Final/netty-resolver-4.1.25.Final.jar:/home/gaga/.m2/repository/io/netty/netty-handler/4.1.25.Final/netty-handler-4.1.25.Final.jar:/home/gaga/.m2/repository/io/netty/netty-codec/4.1.25.Final/netty-codec-4.1.25.Final.jar:/home/gaga/.m2/repository/org/springframework/boot/spring-boot-starter-security/2.1.0.BUILD-SNAPSHOT/spring-boot-starter-security-2.1.0.BUILD-SNAPSHOT.jar:/home/gaga/.m2/repository/org/springframework/spring-aop/5.1.0.BUILD-SNAPSHOT/spring-aop-5.1.0.BUILD-SNAPSHOT.jar:/home/gaga/.m2/repository/org/springframework/security/spring-security-config/5.1.0.M1/spring-security-config-5.1.0.M1.jar:/home/gaga/.m2/repository/org/springframework/security/spring-security-web/5.1.0.M1/spring-security-web-5.1.0.M1.jar:/home/gaga/.m2/repository/org/springframework/spring-expression/5.1.0.BUILD-SNAPSHOT/spring-expression-5.1.0.BUILD-SNAPSHOT.jar:/home/gaga/.m2/repository/org/springframework/boot/spring-boot-starter-web/2.1.0.BUILD-SNAPSHOT/spring-boot-starter-web-2.1.0.BUILD-SNAPSHOT.jar:/home/gaga/.m2/repository/org/springframework/boot/spring-boot-starter-json/2.1.0.BUILD-SNAPSHOT/spring-boot-starter-json-2.1.0.BUILD-SNAPSHOT.jar:/home/gaga/.m2/repository/com/fasterxml/jackson/core/jackson-databind/2.9.5/jackson-databind-2.9.5.jar:/home/gaga/.m2/repository/com/fasterxml/jackson/core/jackson-annotations/2.9.0/jackson-annotations-2.9.0.jar:/home/gaga/.m2/repository/com/fasterxml/jackson/core/jackson-core/2.9.5/jackson-core-2.9.5.jar:/home/gaga/.m2/repository/com/fasterxml/jackson/datatype/jackson-datatype-jdk8/2.9.5/jackson-datatype-jdk8-2.9.5.jar:/home/gaga/.m2/repository/com/fasterxml/jackson/datatype/jackson-datatype-jsr310/2.9.5/jackson-datatype-jsr310-2.9.5.jar:/home/gaga/.m2/repository/com/fasterxml/jackson/module/jackson-module-parameter-names/2.9.5/jackson-module-parameter-names-2.9.5.jar:/home/gaga/.m2/repository/org/springframework/boot/spring-boot-starter-tomcat/2.1.0.BUILD-SNAPSHOT/spring-boot-starter-tomcat-2.1.0.BUILD-SNAPSHOT.jar:/home/gaga/.m2/repository/org/apache/tomcat/embed/tomcat-embed-core/8.5.31/tomcat-embed-core-8.5.31.jar:/home/gaga/.m2/repository/org/apache/tomcat/embed/tomcat-embed-el/8.5.31/tomcat-embed-el-8.5.31.jar:/home/gaga/.m2/repository/org/apache/tomcat/embed/tomcat-embed-websocket/8.5.31/tomcat-embed-websocket-8.5.31.jar:/home/gaga/.m2/repository/org/hibernate/validator/hibernate-validator/6.0.10.Final/hibernate-validator-6.0.10.Final.jar:/home/gaga/.m2/repository/javax/validation/validation-api/2.0.1.Final/validation-api-2.0.1.Final.jar:/home/gaga/.m2/repository/org/springframework/spring-web/5.1.0.BUILD-SNAPSHOT/spring-web-5.1.0.BUILD-SNAPSHOT.jar:/home/gaga/.m2/repository/org/springframework/spring-webmvc/5.1.0.BUILD-SNAPSHOT/spring-webmvc-5.1.0.BUILD-SNAPSHOT.jar:/home/gaga/.m2/repository/org/springframework/session/spring-session-data-redis/2.0.3.RELEASE/spring-session-data-redis-2.0.3.RELEASE.jar:/home/gaga/.m2/repository/org/springframework/session/spring-session-core/2.0.3.RELEASE/spring-session-core-2.0.3.RELEASE.jar:/home/gaga/.m2/repository/org/springframework/spring-jcl/5.1.0.BUILD-SNAPSHOT/spring-jcl-5.1.0.BUILD-SNAPSHOT.jar:/home/gaga/.m2/repository/mysql/mysql-connector-java/5.1.46/mysql-connector-java-5.1.46.jar:/home/gaga/.m2/repository/org/springframework/boot/spring-boot-starter-test/2.1.0.BUILD-SNAPSHOT/spring-boot-starter-test-2.1.0.BUILD-SNAPSHOT.jar:/home/gaga/.m2/repository/org/springframework/boot/spring-boot-test/2.1.0.BUILD-SNAPSHOT/spring-boot-test-2.1.0.BUILD-SNAPSHOT.jar:/home/gaga/.m2/repository/org/springframework/boot/spring-boot-test-autoconfigure/2.1.0.BUILD-SNAPSHOT/spring-boot-test-autoconfigure-2.1.0.BUILD-SNAPSHOT.jar:/home/gaga/.m2/repository/com/jayway/jsonpath/json-path/2.4.0/json-path-2.4.0.jar:/home/gaga/.m2/repository/net/minidev/json-smart/2.3/json-smart-2.3.jar:/home/gaga/.m2/repository/net/minidev/accessors-smart/1.2/accessors-smart-1.2.jar:/home/gaga/.m2/repository/org/ow2/asm/asm/5.0.4/asm-5.0.4.jar:/home/gaga/.m2/repository/junit/junit/4.12/junit-4.12.jar:/home/gaga/.m2/repository/org/assertj/assertj-core/3.9.1/assertj-core-3.9.1.jar:/home/gaga/.m2/repository/org/mockito/mockito-core/2.18.3/mockito-core-2.18.3.jar:/home/gaga/.m2/repository/net/bytebuddy/byte-buddy/1.7.11/byte-buddy-1.7.11.jar:/home/gaga/.m2/repository/net/bytebuddy/byte-buddy-agent/1.7.11/byte-buddy-agent-1.7.11.jar:/home/gaga/.m2/repository/org/objenesis/objenesis/2.6/objenesis-2.6.jar:/home/gaga/.m2/repository/org/hamcrest/hamcrest-core/1.3/hamcrest-core-1.3.jar:/home/gaga/.m2/repository/org/hamcrest/hamcrest-library/1.3/hamcrest-library-1.3.jar:/home/gaga/.m2/repository/org/skyscreamer/jsonassert/1.5.0/jsonassert-1.5.0.jar:/home/gaga/.m2/repository/com/vaadin/external/google/android-json/0.0.20131108.vaadin1/android-json-0.0.20131108.vaadin1.jar:/home/gaga/.m2/repository/org/springframework/spring-core/5.1.0.BUILD-SNAPSHOT/spring-core-5.1.0.BUILD-SNAPSHOT.jar:/home/gaga/.m2/repository/org/springframework/spring-test/5.1.0.BUILD-SNAPSHOT/spring-test-5.1.0.BUILD-SNAPSHOT.jar:/home/gaga/.m2/repository/org/xmlunit/xmlunit-core/2.5.1/xmlunit-core-2.5.1.jar:/home/gaga/.m2/repository/org/springframework/security/spring-security-test/5.1.0.M1/spring-security-test-5.1.0.M1.jar:/home/gaga/.m2/repository/org/springframework/security/spring-security-core/5.1.0.M1/spring-security-core-5.1.0.M1.jar:, java.specification.name=Java Platform API Specification, java.class.version=52.0, sun.management.compiler=HotSpot 64-Bit Tiered Compilers, os.version=4.4.0-127-generic, user.home=/home/gaga, user.timezone=Europe/Volgograd, java.awt.printerjob=sun.print.PSPrinterJob, file.encoding=UTF-8, java.specification.version=1.8, java.class.path=/home/gaga/jobs/projects/car-rental/app/target/test-classes:/home/gaga/jobs/projects/car-rental/app/target/classes:/home/gaga/.m2/repository/org/springframework/boot/spring-boot-starter-data-jpa/2.1.0.BUILD-SNAPSHOT/spring-boot-starter-data-jpa-2.1.0.BUILD-SNAPSHOT.jar:/home/gaga/.m2/repository/org/springframework/boot/spring-boot-starter/2.1.0.BUILD-SNAPSHOT/spring-boot-starter-2.1.0.BUILD-SNAPSHOT.jar:/home/gaga/.m2/repository/org/springframework/boot/spring-boot/2.1.0.BUILD-SNAPSHOT/spring-boot-2.1.0.BUILD-SNAPSHOT.jar:/home/gaga/.m2/repository/org/springframework/boot/spring-boot-autoconfigure/2.1.0.BUILD-SNAPSHOT/spring-boot-autoconfigure-2.1.0.BUILD-SNAPSHOT.jar:/home/gaga/.m2/repository/org/springframework/boot/spring-boot-starter-logging/2.1.0.BUILD-SNAPSHOT/spring-boot-starter-logging-2.1.0.BUILD-SNAPSHOT.jar:/home/gaga/.m2/repository/ch/qos/logback/logback-classic/1.2.3/logback-classic-1.2.3.jar:/home/gaga/.m2/repository/ch/qos/logback/logback-core/1.2.3/logback-core-1.2.3.jar:/home/gaga/.m2/repository/org/apache/logging/log4j/log4j-to-slf4j/2.10.0/log4j-to-slf4j-2.10.0.jar:/home/gaga/.m2/repository/org/apache/logging/log4j/log4j-api/2.10.0/log4j-api-2.10.0.jar:/home/gaga/.m2/repository/org/slf4j/jul-to-slf4j/1.7.25/jul-to-slf4j-1.7.25.jar:/home/gaga/.m2/repository/javax/annotation/javax.annotation-api/1.3.2/javax.annotation-api-1.3.2.jar:/home/gaga/.m2/repository/org/yaml/snakeyaml/1.19/snakeyaml-1.19.jar:/home/gaga/.m2/repository/org/springframework/boot/spring-boot-starter-aop/2.1.0.BUILD-SNAPSHOT/spring-boot-starter-aop-2.1.0.BUILD-SNAPSHOT.jar:/home/gaga/.m2/repository/org/aspectj/aspectjweaver/1.9.0/aspectjweaver-1.9.0.jar:/home/gaga/.m2/repository/org/springframework/boot/spring-boot-starter-jdbc/2.1.0.BUILD-SNAPSHOT/spring-boot-starter-jdbc-2.1.0.BUILD-SNAPSHOT.jar:/home/gaga/.m2/repository/com/zaxxer/HikariCP/2.7.9/HikariCP-2.7.9.jar:/home/gaga/.m2/repository/org/springframework/spring-jdbc/5.1.0.BUILD-SNAPSHOT/spring-jdbc-5.1.0.BUILD-SNAPSHOT.jar:/home/gaga/.m2/repository/org/hibernate/hibernate-core/5.2.17.Final/hibernate-core-5.2.17.Final.jar:/home/gaga/.m2/repository/org/jboss/logging/jboss-logging/3.3.2.Final/jboss-logging-3.3.2.Final.jar:/home/gaga/.m2/repository/org/hibernate/javax/persistence/hibernate-jpa-2.1-api/1.0.2.Final/hibernate-jpa-2.1-api-1.0.2.Final.jar:/home/gaga/.m2/repository/org/javassist/javassist/3.22.0-GA/javassist-3.22.0-GA.jar:/home/gaga/.m2/repository/antlr/antlr/2.7.7/antlr-2.7.7.jar:/home/gaga/.m2/repository/org/jboss/jandex/2.0.3.Final/jandex-2.0.3.Final.jar:/home/gaga/.m2/repository/com/fasterxml/classmate/1.3.4/classmate-1.3.4.jar:/home/gaga/.m2/repository/dom4j/dom4j/1.6.1/dom4j-1.6.1.jar:/home/gaga/.m2/repository/org/hibernate/common/hibernate-commons-annotations/5.0.1.Final/hibernate-commons-annotations-5.0.1.Final.jar:/home/gaga/.m2/repository/javax/transaction/javax.transaction-api/1.2/javax.transaction-api-1.2.jar:/home/gaga/.m2/repository/org/springframework/data/spring-data-jpa/2.1.0.M3/spring-data-jpa-2.1.0.M3.jar:/home/gaga/.m2/repository/org/springframework/data/spring-data-commons/2.1.0.M3/spring-data-commons-2.1.0.M3.jar:/home/gaga/.m2/repository/org/springframework/spring-orm/5.1.0.BUILD-SNAPSHOT/spring-orm-5.1.0.BUILD-SNAPSHOT.jar:/home/gaga/.m2/repository/org/springframework/spring-context/5.1.0.BUILD-SNAPSHOT/spring-context-5.1.0.BUILD-SNAPSHOT.jar:/home/gaga/.m2/repository/org/springframework/spring-tx/5.1.0.BUILD-SNAPSHOT/spring-tx-5.1.0.BUILD-SNAPSHOT.jar:/home/gaga/.m2/repository/org/springframework/spring-beans/5.1.0.BUILD-SNAPSHOT/spring-beans-5.1.0.BUILD-SNAPSHOT.jar:/home/gaga/.m2/repository/org/slf4j/slf4j-api/1.7.25/slf4j-api-1.7.25.jar:/home/gaga/.m2/repository/org/springframework/spring-aspects/5.1.0.BUILD-SNAPSHOT/spring-aspects-5.1.0.BUILD-SNAPSHOT.jar:/home/gaga/.m2/repository/org/springframework/boot/spring-boot-starter-data-redis/2.1.0.BUILD-SNAPSHOT/spring-boot-starter-data-redis-2.1.0.BUILD-SNAPSHOT.jar:/home/gaga/.m2/repository/org/springframework/data/spring-data-redis/2.1.0.M3/spring-data-redis-2.1.0.M3.jar:/home/gaga/.m2/repository/org/springframework/data/spring-data-keyvalue/2.1.0.M3/spring-data-keyvalue-2.1.0.M3.jar:/home/gaga/.m2/repository/org/springframework/spring-oxm/5.1.0.BUILD-SNAPSHOT/spring-oxm-5.1.0.BUILD-SNAPSHOT.jar:/home/gaga/.m2/repository/org/springframework/spring-context-support/5.1.0.BUILD-SNAPSHOT/spring-context-support-5.1.0.BUILD-SNAPSHOT.jar:/home/gaga/.m2/repository/io/lettuce/lettuce-core/5.1.0.M1/lettuce-core-5.1.0.M1.jar:/home/gaga/.m2/repository/io/projectreactor/reactor-core/3.2.0.BUILD-SNAPSHOT/reactor-core-3.2.0.BUILD-SNAPSHOT.jar:/home/gaga/.m2/repository/org/reactivestreams/reactive-streams/1.0.2/reactive-streams-1.0.2.jar:/home/gaga/.m2/repository/io/netty/netty-common/4.1.25.Final/netty-common-4.1.25.Final.jar:/home/gaga/.m2/repository/io/netty/netty-transport/4.1.25.Final/netty-transport-4.1.25.Final.jar:/home/gaga/.m2/repository/io/netty/netty-buffer/4.1.25.Final/netty-buffer-4.1.25.Final.jar:/home/gaga/.m2/repository/io/netty/netty-resolver/4.1.25.Final/netty-resolver-4.1.25.Final.jar:/home/gaga/.m2/repository/io/netty/netty-handler/4.1.25.Final/netty-handler-4.1.25.Final.jar:/home/gaga/.m2/repository/io/netty/netty-codec/4.1.25.Final/netty-codec-4.1.25.Final.jar:/home/gaga/.m2/repository/org/springframework/boot/spring-boot-starter-security/2.1.0.BUILD-SNAPSHOT/spring-boot-starter-security-2.1.0.BUILD-SNAPSHOT.jar:/home/gaga/.m2/repository/org/springframework/spring-aop/5.1.0.BUILD-SNAPSHOT/spring-aop-5.1.0.BUILD-SNAPSHOT.jar:/home/gaga/.m2/repository/org/springframework/security/spring-security-config/5.1.0.M1/spring-security-config-5.1.0.M1.jar:/home/gaga/.m2/repository/org/springframework/security/spring-security-web/5.1.0.M1/spring-security-web-5.1.0.M1.jar:/home/gaga/.m2/repository/org/springframework/spring-expression/5.1.0.BUILD-SNAPSHOT/spring-expression-5.1.0.BUILD-SNAPSHOT.jar:/home/gaga/.m2/repository/org/springframework/boot/spring-boot-starter-web/2.1.0.BUILD-SNAPSHOT/spring-boot-starter-web-2.1.0.BUILD-SNAPSHOT.jar:/home/gaga/.m2/repository/org/springframework/boot/spring-boot-starter-json/2.1.0.BUILD-SNAPSHOT/spring-boot-starter-json-2.1.0.BUILD-SNAPSHOT.jar:/home/gaga/.m2/repository/com/fasterxml/jackson/core/jackson-databind/2.9.5/jackson-databind-2.9.5.jar:/home/gaga/.m2/repository/com/fasterxml/jackson/core/jackson-annotations/2.9.0/jackson-annotations-2.9.0.jar:/home/gaga/.m2/repository/com/fasterxml/jackson/core/jackson-core/2.9.5/jackson-core-2.9.5.jar:/home/gaga/.m2/repository/com/fasterxml/jackson/datatype/jackson-datatype-jdk8/2.9.5/jackson-datatype-jdk8-2.9.5.jar:/home/gaga/.m2/repository/com/fasterxml/jackson/datatype/jackson-datatype-jsr310/2.9.5/jackson-datatype-jsr310-2.9.5.jar:/home/gaga/.m2/repository/com/fasterxml/jackson/module/jackson-module-parameter-names/2.9.5/jackson-module-parameter-names-2.9.5.jar:/home/gaga/.m2/repository/org/springframework/boot/spring-boot-starter-tomcat/2.1.0.BUILD-SNAPSHOT/spring-boot-starter-tomcat-2.1.0.BUILD-SNAPSHOT.jar:/home/gaga/.m2/repository/org/apache/tomcat/embed/tomcat-embed-core/8.5.31/tomcat-embed-core-8.5.31.jar:/home/gaga/.m2/repository/org/apache/tomcat/embed/tomcat-embed-el/8.5.31/tomcat-embed-el-8.5.31.jar:/home/gaga/.m2/repository/org/apache/tomcat/embed/tomcat-embed-websocket/8.5.31/tomcat-embed-websocket-8.5.31.jar:/home/gaga/.m2/repository/org/hibernate/validator/hibernate-validator/6.0.10.Final/hibernate-validator-6.0.10.Final.jar:/home/gaga/.m2/repository/javax/validation/validation-api/2.0.1.Final/validation-api-2.0.1.Final.jar:/home/gaga/.m2/repository/org/springframework/spring-web/5.1.0.BUILD-SNAPSHOT/spring-web-5.1.0.BUILD-SNAPSHOT.jar:/home/gaga/.m2/repository/org/springframework/spring-webmvc/5.1.0.BUILD-SNAPSHOT/spring-webmvc-5.1.0.BUILD-SNAPSHOT.jar:/home/gaga/.m2/repository/org/springframework/session/spring-session-data-redis/2.0.3.RELEASE/spring-session-data-redis-2.0.3.RELEASE.jar:/home/gaga/.m2/repository/org/springframework/session/spring-session-core/2.0.3.RELEASE/spring-session-core-2.0.3.RELEASE.jar:/home/gaga/.m2/repository/org/springframework/spring-jcl/5.1.0.BUILD-SNAPSHOT/spring-jcl-5.1.0.BUILD-SNAPSHOT.jar:/home/gaga/.m2/repository/mysql/mysql-connector-java/5.1.46/mysql-connector-java-5.1.46.jar:/home/gaga/.m2/repository/org/springframework/boot/spring-boot-starter-test/2.1.0.BUILD-SNAPSHOT/spring-boot-starter-test-2.1.0.BUILD-SNAPSHOT.jar:/home/gaga/.m2/repository/org/springframework/boot/spring-boot-test/2.1.0.BUILD-SNAPSHOT/spring-boot-test-2.1.0.BUILD-SNAPSHOT.jar:/home/gaga/.m2/repository/org/springframework/boot/spring-boot-test-autoconfigure/2.1.0.BUILD-SNAPSHOT/spring-boot-test-autoconfigure-2.1.0.BUILD-SNAPSHOT.jar:/home/gaga/.m2/repository/com/jayway/jsonpath/json-path/2.4.0/json-path-2.4.0.jar:/home/gaga/.m2/repository/net/minidev/json-smart/2.3/json-smart-2.3.jar:/home/gaga/.m2/repository/net/minidev/accessors-smart/1.2/accessors-smart-1.2.jar:/home/gaga/.m2/repository/org/ow2/asm/asm/5.0.4/asm-5.0.4.jar:/home/gaga/.m2/repository/junit/junit/4.12/junit-4.12.jar:/home/gaga/.m2/repository/org/assertj/assertj-core/3.9.1/assertj-core-3.9.1.jar:/home/gaga/.m2/repository/org/mockito/mockito-core/2.18.3/mockito-core-2.18.3.jar:/home/gaga/.m2/repository/net/bytebuddy/byte-buddy/1.7.11/byte-buddy-1.7.11.jar:/home/gaga/.m2/repository/net/bytebuddy/byte-buddy-agent/1.7.11/byte-buddy-agent-1.7.11.jar:/home/gaga/.m2/repository/org/objenesis/objenesis/2.6/objenesis-2.6.jar:/home/gaga/.m2/repository/org/hamcrest/hamcrest-core/1.3/hamcrest-core-1.3.jar:/home/gaga/.m2/repository/org/hamcrest/hamcrest-library/1.3/hamcrest-library-1.3.jar:/home/gaga/.m2/repository/org/skyscreamer/jsonassert/1.5.0/jsonassert-1.5.0.jar:/home/gaga/.m2/repository/com/vaadin/external/google/android-json/0.0.20131108.vaadin1/android-json-0.0.20131108.vaadin1.jar:/home/gaga/.m2/repository/org/springframework/spring-core/5.1.0.BUILD-SNAPSHOT/spring-core-5.1.0.BUILD-SNAPSHOT.jar:/home/gaga/.m2/repository/org/springframework/spring-test/5.1.0.BUILD-SNAPSHOT/spring-test-5.1.0.BUILD-SNAPSHOT.jar:/home/gaga/.m2/repository/org/xmlunit/xmlunit-core/2.5.1/xmlunit-core-2.5.1.jar:/home/gaga/.m2/repository/org/springframework/security/spring-security-test/5.1.0.M1/spring-security-test-5.1.0.M1.jar:/home/gaga/.m2/repository/org/springframework/security/spring-security-core/5.1.0.M1/spring-security-core-5.1.0.M1.jar:, user.name=gaga, java.vm.specification.version=1.8, sun.java.command=/home/gaga/jobs/projects/car-rental/app/target/surefire/surefirebooter2139331905682317857.jar /home/gaga/jobs/projects/car-rental/app/target/surefire 2018-06-06T22-09-23_944-jvmRun1 surefire3534278493643183113tmp surefire_06063812957780256251tmp, java.home=/usr/lib/jvm/java-8-oracle/jre, sun.arch.data.model=64, user.language=ru, java.specification.vendor=Oracle Corporation, awt.toolkit=sun.awt.X11.XToolkit, java.vm.info=mixed mode, java.version=1.8.0_66, java.ext.dirs=/usr/lib/jvm/java-8-oracle/jre/lib/ext:/usr/java/packages/lib/ext, sun.boot.class.path=/usr/lib/jvm/java-8-oracle/jre/lib/resources.jar:/usr/lib/jvm/java-8-oracle/jre/lib/rt.jar:/usr/lib/jvm/java-8-oracle/jre/lib/sunrsasign.jar:/usr/lib/jvm/java-8-oracle/jre/lib/jsse.jar:/usr/lib/jvm/java-8-oracle/jre/lib/jce.jar:/usr/lib/jvm/java-8-oracle/jre/lib/charsets.jar:/usr/lib/jvm/java-8-oracle/jre/lib/jfr.jar:/usr/lib/jvm/java-8-oracle/jre/classes, java.vendor=Oracle Corporation, localRepository=/home/gaga/.m2/repository, file.separator=/, java.vendor.url.bug=http://bugreport.sun.com/bugreport/, sun.io.unicode.encoding=UnicodeLittle, sun.cpu.endian=little, sun.desktop=gnome, sun.cpu.isalist=}}, SystemEnvironmentPropertySource@517355658 {name='systemEnvironment', properties={PATH=PATH=/usr/local/sbin:/usr/local/bin:/usr/sbin:/usr/bin:/sbin:/bin:/usr/games:/usr/local/games:/snap/bin:/opt/IBM/informix/bin, XAUTHORITY=/home/gaga/.Xauthority, XMODIFIERS=@im=ibus, XDG_DATA_DIRS=/usr/share/ubuntu:/usr/share/gnome:/usr/local/share:/usr/share:/var/lib/snapd/desktop:/var/lib/snapd/desktop, GDMSESSION=ubuntu, MANDATORY_PATH=/usr/share/gconf/ubuntu.mandatory.path, INFORMIXDIR=/opt/IBM/informix, GTK_IM_MODULE=ibus, DBUS_SESSION_BUS_ADDRESS=unix:abstract=/tmp/dbus-AcyqJKKrf6, DEFAULTS_PATH=/usr/share/gconf/ubuntu.default.path, XDG_CURRENT_DESKTOP=Unity, UPSTART_SESSION=unix:abstract=/com/ubuntu/upstart-session/1000/1907, QT4_IM_MODULE=xim, QT_LINUX_ACCESSIBILITY_ALWAYS_ON=1, LOGNAME=gaga, JOB=gnome-session, PWD=/home/gaga/jobs/projects/car-rental/app, PAM_KWALLET5_LOGIN=/tmp/kwallet5_gaga.socket, IM_CONFIG_PHASE=1, LANGUAGE=ru, WINDOWID=75497482, SHELL=/bin/bash, LESSOPEN=| /usr/bin/lesspipe %s, GTK2_MODULES=overlay-scrollbar, INSTANCE=Unity, OLDPWD=/home/gaga/jobs/projects/car-rental/app, GNOME_DESKTOP_SESSION_ID=this-is-deprecated, UPSTART_INSTANCE=, GTK_MODULES=gail:atk-bridge:unity-gtk-module, CLUTTER_IM_MODULE=xim, XDG_SESSION_PATH=/org/freedesktop/DisplayManager/Session0, SESSIONTYPE=gnome-session, LS_COLORS=rs=0:di=01;34:ln=01;36:mh=00:pi=40;33:so=01;35:do=01;35:bd=40;33;01:cd=40;33;01:or=40;31;01:mi=00:su=37;41:sg=30;43:ca=30;41:tw=30;42:ow=34;42:st=37;44:ex=01;32:*.tar=01;31:*.tgz=01;31:*.arc=01;31:*.arj=01;31:*.taz=01;31:*.lha=01;31:*.lz4=01;31:*.lzh=01;31:*.lzma=01;31:*.tlz=01;31:*.txz=01;31:*.tzo=01;31:*.t7z=01;31:*.zip=01;31:*.z=01;31:*.Z=01;31:*.dz=01;31:*.gz=01;31:*.lrz=01;31:*.lz=01;31:*.lzo=01;31:*.xz=01;31:*.bz2=01;31:*.bz=01;31:*.tbz=01;31:*.tbz2=01;31:*.tz=01;31:*.deb=01;31:*.rpm=01;31:*.jar=01;31:*.war=01;31:*.ear=01;31:*.sar=01;31:*.rar=01;31:*.alz=01;31:*.ace=01;31:*.zoo=01;31:*.cpio=01;31:*.7z=01;31:*.rz=01;31:*.cab=01;31:*.jpg=01;35:*.jpeg=01;35:*.gif=01;35:*.bmp=01;35:*.pbm=01;35:*.pgm=01;35:*.ppm=01;35:*.tga=01;35:*.xbm=01;35:*.xpm=01;35:*.tif=01;35:*.tiff=01;35:*.png=01;35:*.svg=01;35:*.svgz=01;35:*.mng=01;35:*.pcx=01;35:*.mov=01;35:*.mpg=01;35:*.mpeg=01;35:*.m2v=01;35:*.mkv=01;35:*.webm=01;35:*.ogm=01;35:*.mp4=01;35:*.m4v=01;35:*.mp4v=01;35:*.vob=01;35:*.qt=01;35:*.nuv=01;35:*.wmv=01;35:*.asf=01;35:*.rm=01;35:*.rmvb=01;35:*.flc=01;35:*.avi=01;35:*.fli=01;35:*.flv=01;35:*.gl=01;35:*.dl=01;35:*.xcf=01;35:*.xwd=01;35:*.yuv=01;35:*.cgm=01;35:*.emf=01;35:*.ogv=01;35:*.ogx=01;35:*.aac=00;36:*.au=00;36:*.flac=00;36:*.m4a=00;36:*.mid=00;36:*.midi=00;36:*.mka=00;36:*.mp3=00;36:*.mpc=00;36:*.ogg=00;36:*.ra=00;36:*.wav=00;36:*.oga=00;36:*.opus=00;36:*.spx=00;36:*.xspf=00;36:, XDG_SESSION_DESKTOP=ubuntu, SHLVL=1, PAM_KWALLET_LOGIN=/tmp/kwallet_gaga.socket, LESSCLOSE=/usr/bin/lesspipe %s %s, COMPIZ_CONFIG_PROFILE=ubuntu, QT_IM_MODULE=ibus, UPSTART_JOB=unity-settings-daemon, JAVA_HOME=/usr/lib/jvm/java-8-oracle, TERM=xterm-256color, XDG_CONFIG_DIRS=/etc/xdg/xdg-ubuntu:/usr/share/upstart/xdg:/etc/xdg, XFILESEARCHPATH=/usr/dt/app-defaults/%L/Dt, LANG=ru_RU.UTF-8, GNOME_KEYRING_CONTROL=, XDG_SEAT_PATH=/org/freedesktop/DisplayManager/Seat0, XDG_SESSION_ID=c2, XDG_SESSION_TYPE=x11, DISPLAY=:0, MAVEN_CMD_LINE_ARGS= clean package, _=/usr/bin/mvn, GDM_LANG=ru, XDG_GREETER_DATA_DIR=/var/lib/lightdm-data/gaga, UPSTART_EVENTS=started starting, GPG_AGENT_INFO=/home/gaga/.gnupg/S.gpg-agent:0:1, MAVEN_PROJECTBASEDIR=/home/gaga/jobs/projects/car-rental/app, DESKTOP_SESSION=ubuntu, USER=gaga, VTE_VERSION=4205, QT_ACCESSIBILITY=1, SSH_AUTH_SOCK=/run/user/1000/keyring/ssh, XDG_SEAT=seat0, NLSPATH=/opt/cprocsp/share/locale/%L/LC_MESSAGES/%N:/usr/dt/lib/nls/msg/%L/%N.cat, QT_QPA_PLATFORMTHEME=appmenu-qt5, XDG_VTNR=7, XDG_RUNTIME_DIR=/run/user/1000, HOME=/home/gaga, GNOME_KEYRING_PID=}}]
22:09:30.059 [main] DEBUG org.springframework.test.context.support.TestPropertySourceUtils - Adding inlined properties to environment: {spring.jmx.enabled=false, org.springframework.boot.test.context.SpringBootTestContextBootstrapper=true, server.port=-1}
22:09:30.060 [main] DEBUG org.springframework.core.env.StandardEnvironment - Adding PropertySource 'Inlined Test Properties' with highest search precedence

  .   ____          _            __ _ _
 /\\ / ___'_ __ _ _(_)_ __  __ _ \ \ \ \
( ( )\___ | '_ | '_| | '_ \/ _` | \ \ \ \
 \\/  ___)| |_)| | | | | || (_| |  ) ) ) )
  '  |____| .__|_| |_|_| |_\__, | / / / /
 =========|_|==============|___/=/_/_/_/
 :: Spring Boot ::  (v2.1.0.BUILD-SNAPSHOT)

2018-06-06 22:09:30.719  INFO 22593 --- [           main] r.d.carrental.CarRentalApplicationTests  : Starting CarRentalApplicationTests on gaga-VPCEB1M1R with PID 22593 (started by gaga in /home/gaga/jobs/projects/car-rental/app)
2018-06-06 22:09:30.722  INFO 22593 --- [           main] r.d.carrental.CarRentalApplicationTests  : No active profile set, falling back to default profiles: default
2018-06-06 22:09:30.860  INFO 22593 --- [           main] o.s.w.c.s.GenericWebApplicationContext   : Refreshing org.springframework.web.context.support.GenericWebApplicationContext@4b2c5e02: startup date [Wed Jun 06 22:09:30 MSK 2018]; root of context hierarchy
2018-06-06 22:09:33.028  INFO 22593 --- [           main] .s.d.r.c.RepositoryConfigurationDelegate : Multiple Spring Data modules found, entering strict repository configuration mode!
2018-06-06 22:09:33.113  INFO 22593 --- [           main] .s.d.r.c.RepositoryConfigurationDelegate : Multiple Spring Data modules found, entering strict repository configuration mode!
2018-06-06 22:09:34.495  INFO 22593 --- [           main] trationDelegate$BeanPostProcessorChecker : Bean 'org.springframework.transaction.annotation.ProxyTransactionManagementConfiguration' of type [org.springframework.transaction.annotation.ProxyTransactionManagementConfiguration$$EnhancerBySpringCGLIB$$75a0cc42] is not eligible for getting processed by all BeanPostProcessors (for example: not eligible for auto-proxying)
2018-06-06 22:09:34.651  WARN 22593 --- [           main] o.s.w.c.s.GenericWebApplicationContext   : Exception encountered during context initialization - cancelling refresh attempt: org.springframework.beans.factory.UnsatisfiedDependencyException: Error creating bean with name 'org.springframework.boot.autoconfigure.orm.jpa.HibernateJpaConfiguration': Unsatisfied dependency expressed through constructor parameter 0; nested exception is org.springframework.beans.factory.BeanCreationException: Error creating bean with name 'dataSource' defined in class path resource [org/springframework/boot/autoconfigure/jdbc/DataSourceConfiguration$Hikari.class]: Bean instantiation via factory method failed; nested exception is org.springframework.beans.BeanInstantiationException: Failed to instantiate [com.zaxxer.hikari.HikariDataSource]: Factory method 'dataSource' threw exception; nested exception is org.springframework.boot.autoconfigure.jdbc.DataSourceProperties$DataSourceBeanCreationException: Failed to determine a suitable driver class
2018-06-06 22:09:34.678  INFO 22593 --- [           main] ConditionEvaluationReportLoggingListener : 

Error starting ApplicationContext. To display the conditions report re-run your application with 'debug' enabled.
2018-06-06 22:09:34.687 ERROR 22593 --- [           main] o.s.b.d.LoggingFailureAnalysisReporter   : 

***************************
APPLICATION FAILED TO START
***************************

Description:

Failed to configure a DataSource: 'url' attribute is not specified and no embedded datasource could be configured.

Reason: Failed to determine a suitable driver class


Action:

Consider the following:
	If you want an embedded database (H2, HSQL or Derby), please put it on the classpath.
	If you have database settings to be loaded from a particular profile you may need to activate it (no profiles are currently active).

2018-06-06 22:09:34.709 ERROR 22593 --- [           main] o.s.test.context.TestContextManager      : Caught exception while allowing TestExecutionListener [org.springframework.test.context.web.ServletTestExecutionListener@28f2a10f] to prepare test instance [ru.domru.carrental.CarRentalApplicationTests@24361cfc]

java.lang.IllegalStateException: Failed to load ApplicationContext
	at org.springframework.test.context.cache.DefaultCacheAwareContextLoaderDelegate.loadContext(DefaultCacheAwareContextLoaderDelegate.java:125) ~[spring-test-5.1.0.BUILD-SNAPSHOT.jar:5.1.0.BUILD-SNAPSHOT]
	at org.springframework.test.context.support.DefaultTestContext.getApplicationContext(DefaultTestContext.java:108) ~[spring-test-5.1.0.BUILD-SNAPSHOT.jar:5.1.0.BUILD-SNAPSHOT]
	at org.springframework.test.context.web.ServletTestExecutionListener.setUpRequestContextIfNecessary(ServletTestExecutionListener.java:190) ~[spring-test-5.1.0.BUILD-SNAPSHOT.jar:5.1.0.BUILD-SNAPSHOT]
	at org.springframework.test.context.web.ServletTestExecutionListener.prepareTestInstance(ServletTestExecutionListener.java:132) ~[spring-test-5.1.0.BUILD-SNAPSHOT.jar:5.1.0.BUILD-SNAPSHOT]
	at org.springframework.test.context.TestContextManager.prepareTestInstance(TestContextManager.java:246) ~[spring-test-5.1.0.BUILD-SNAPSHOT.jar:5.1.0.BUILD-SNAPSHOT]
	at org.springframework.test.context.junit4.SpringJUnit4ClassRunner.createTest(SpringJUnit4ClassRunner.java:227) [spring-test-5.1.0.BUILD-SNAPSHOT.jar:5.1.0.BUILD-SNAPSHOT]
	at org.springframework.test.context.junit4.SpringJUnit4ClassRunner$1.runReflectiveCall(SpringJUnit4ClassRunner.java:289) [spring-test-5.1.0.BUILD-SNAPSHOT.jar:5.1.0.BUILD-SNAPSHOT]
	at org.junit.internal.runners.model.ReflectiveCallable.run(ReflectiveCallable.java:12) [junit-4.12.jar:4.12]
	at org.springframework.test.context.junit4.SpringJUnit4ClassRunner.methodBlock(SpringJUnit4ClassRunner.java:291) [spring-test-5.1.0.BUILD-SNAPSHOT.jar:5.1.0.BUILD-SNAPSHOT]
	at org.springframework.test.context.junit4.SpringJUnit4ClassRunner.runChild(SpringJUnit4ClassRunner.java:246) [spring-test-5.1.0.BUILD-SNAPSHOT.jar:5.1.0.BUILD-SNAPSHOT]
	at org.springframework.test.context.junit4.SpringJUnit4ClassRunner.runChild(SpringJUnit4ClassRunner.java:97) [spring-test-5.1.0.BUILD-SNAPSHOT.jar:5.1.0.BUILD-SNAPSHOT]
	at org.junit.runners.ParentRunner$3.run(ParentRunner.java:290) [junit-4.12.jar:4.12]
	at org.junit.runners.ParentRunner$1.schedule(ParentRunner.java:71) [junit-4.12.jar:4.12]
	at org.junit.runners.ParentRunner.runChildren(ParentRunner.java:288) [junit-4.12.jar:4.12]
	at org.junit.runners.ParentRunner.access$000(ParentRunner.java:58) [junit-4.12.jar:4.12]
	at org.junit.runners.ParentRunner$2.evaluate(ParentRunner.java:268) [junit-4.12.jar:4.12]
	at org.springframework.test.context.junit4.statements.RunBeforeTestClassCallbacks.evaluate(RunBeforeTestClassCallbacks.java:61) [spring-test-5.1.0.BUILD-SNAPSHOT.jar:5.1.0.BUILD-SNAPSHOT]
	at org.springframework.test.context.junit4.statements.RunAfterTestClassCallbacks.evaluate(RunAfterTestClassCallbacks.java:70) [spring-test-5.1.0.BUILD-SNAPSHOT.jar:5.1.0.BUILD-SNAPSHOT]
	at org.junit.runners.ParentRunner.run(ParentRunner.java:363) [junit-4.12.jar:4.12]
	at org.springframework.test.context.junit4.SpringJUnit4ClassRunner.run(SpringJUnit4ClassRunner.java:190) [spring-test-5.1.0.BUILD-SNAPSHOT.jar:5.1.0.BUILD-SNAPSHOT]
	at org.apache.maven.surefire.junit4.JUnit4Provider.execute(JUnit4Provider.java:365) [surefire-junit4-2.21.0.jar:2.21.0]
	at org.apache.maven.surefire.junit4.JUnit4Provider.executeWithRerun(JUnit4Provider.java:273) [surefire-junit4-2.21.0.jar:2.21.0]
	at org.apache.maven.surefire.junit4.JUnit4Provider.executeTestSet(JUnit4Provider.java:238) [surefire-junit4-2.21.0.jar:2.21.0]
	at org.apache.maven.surefire.junit4.JUnit4Provider.invoke(JUnit4Provider.java:159) [surefire-junit4-2.21.0.jar:2.21.0]
	at org.apache.maven.surefire.booter.ForkedBooter.invokeProviderInSameClassLoader(ForkedBooter.java:379) [surefire-booter-2.21.0.jar:2.21.0]
	at org.apache.maven.surefire.booter.ForkedBooter.runSuitesInProcess(ForkedBooter.java:340) [surefire-booter-2.21.0.jar:2.21.0]
	at org.apache.maven.surefire.booter.ForkedBooter.execute(ForkedBooter.java:125) [surefire-booter-2.21.0.jar:2.21.0]
	at org.apache.maven.surefire.booter.ForkedBooter.main(ForkedBooter.java:413) [surefire-booter-2.21.0.jar:2.21.0]
Caused by: org.springframework.beans.factory.UnsatisfiedDependencyException: Error creating bean with name 'org.springframework.boot.autoconfigure.orm.jpa.HibernateJpaConfiguration': Unsatisfied dependency expressed through constructor parameter 0; nested exception is org.springframework.beans.factory.BeanCreationException: Error creating bean with name 'dataSource' defined in class path resource [org/springframework/boot/autoconfigure/jdbc/DataSourceConfiguration$Hikari.class]: Bean instantiation via factory method failed; nested exception is org.springframework.beans.BeanInstantiationException: Failed to instantiate [com.zaxxer.hikari.HikariDataSource]: Factory method 'dataSource' threw exception; nested exception is org.springframework.boot.autoconfigure.jdbc.DataSourceProperties$DataSourceBeanCreationException: Failed to determine a suitable driver class
	at org.springframework.beans.factory.support.ConstructorResolver.createArgumentArray(ConstructorResolver.java:732) ~[spring-beans-5.1.0.BUILD-SNAPSHOT.jar:5.1.0.BUILD-SNAPSHOT]
	at org.springframework.beans.factory.support.ConstructorResolver.autowireConstructor(ConstructorResolver.java:197) ~[spring-beans-5.1.0.BUILD-SNAPSHOT.jar:5.1.0.BUILD-SNAPSHOT]
	at org.springframework.beans.factory.support.AbstractAutowireCapableBeanFactory.autowireConstructor(AbstractAutowireCapableBeanFactory.java:1276) ~[spring-beans-5.1.0.BUILD-SNAPSHOT.jar:5.1.0.BUILD-SNAPSHOT]
	at org.springframework.beans.factory.support.AbstractAutowireCapableBeanFactory.createBeanInstance(AbstractAutowireCapableBeanFactory.java:1133) ~[spring-beans-5.1.0.BUILD-SNAPSHOT.jar:5.1.0.BUILD-SNAPSHOT]
	at org.springframework.beans.factory.support.AbstractAutowireCapableBeanFactory.doCreateBean(AbstractAutowireCapableBeanFactory.java:543) ~[spring-beans-5.1.0.BUILD-SNAPSHOT.jar:5.1.0.BUILD-SNAPSHOT]
	at org.springframework.beans.factory.support.AbstractAutowireCapableBeanFactory.createBean(AbstractAutowireCapableBeanFactory.java:503) ~[spring-beans-5.1.0.BUILD-SNAPSHOT.jar:5.1.0.BUILD-SNAPSHOT]
	at org.springframework.beans.factory.support.AbstractBeanFactory.lambda$doGetBean$0(AbstractBeanFactory.java:317) ~[spring-beans-5.1.0.BUILD-SNAPSHOT.jar:5.1.0.BUILD-SNAPSHOT]
	at org.springframework.beans.factory.support.DefaultSingletonBeanRegistry.getSingleton(DefaultSingletonBeanRegistry.java:222) ~[spring-beans-5.1.0.BUILD-SNAPSHOT.jar:5.1.0.BUILD-SNAPSHOT]
	at org.springframework.beans.factory.support.AbstractBeanFactory.doGetBean(AbstractBeanFactory.java:315) ~[spring-beans-5.1.0.BUILD-SNAPSHOT.jar:5.1.0.BUILD-SNAPSHOT]
	at org.springframework.beans.factory.support.AbstractBeanFactory.getBean(AbstractBeanFactory.java:199) ~[spring-beans-5.1.0.BUILD-SNAPSHOT.jar:5.1.0.BUILD-SNAPSHOT]
	at org.springframework.beans.factory.support.ConstructorResolver.instantiateUsingFactoryMethod(ConstructorResolver.java:372) ~[spring-beans-5.1.0.BUILD-SNAPSHOT.jar:5.1.0.BUILD-SNAPSHOT]
	at org.springframework.beans.factory.support.AbstractAutowireCapableBeanFactory.instantiateUsingFactoryMethod(AbstractAutowireCapableBeanFactory.java:1256) ~[spring-beans-5.1.0.BUILD-SNAPSHOT.jar:5.1.0.BUILD-SNAPSHOT]
	at org.springframework.beans.factory.support.AbstractAutowireCapableBeanFactory.createBeanInstance(AbstractAutowireCapableBeanFactory.java:1105) ~[spring-beans-5.1.0.BUILD-SNAPSHOT.jar:5.1.0.BUILD-SNAPSHOT]
	at org.springframework.beans.factory.support.AbstractAutowireCapableBeanFactory.doCreateBean(AbstractAutowireCapableBeanFactory.java:543) ~[spring-beans-5.1.0.BUILD-SNAPSHOT.jar:5.1.0.BUILD-SNAPSHOT]
	at org.springframework.beans.factory.support.AbstractAutowireCapableBeanFactory.createBean(AbstractAutowireCapableBeanFactory.java:503) ~[spring-beans-5.1.0.BUILD-SNAPSHOT.jar:5.1.0.BUILD-SNAPSHOT]
	at org.springframework.beans.factory.support.AbstractBeanFactory.lambda$doGetBean$0(AbstractBeanFactory.java:317) ~[spring-beans-5.1.0.BUILD-SNAPSHOT.jar:5.1.0.BUILD-SNAPSHOT]
	at org.springframework.beans.factory.support.DefaultSingletonBeanRegistry.getSingleton(DefaultSingletonBeanRegistry.java:222) ~[spring-beans-5.1.0.BUILD-SNAPSHOT.jar:5.1.0.BUILD-SNAPSHOT]
	at org.springframework.beans.factory.support.AbstractBeanFactory.doGetBean(AbstractBeanFactory.java:315) ~[spring-beans-5.1.0.BUILD-SNAPSHOT.jar:5.1.0.BUILD-SNAPSHOT]
	at org.springframework.beans.factory.support.AbstractBeanFactory.getBean(AbstractBeanFactory.java:199) ~[spring-beans-5.1.0.BUILD-SNAPSHOT.jar:5.1.0.BUILD-SNAPSHOT]
	at org.springframework.context.support.AbstractApplicationContext.getBean(AbstractApplicationContext.java:1089) ~[spring-context-5.1.0.BUILD-SNAPSHOT.jar:5.1.0.BUILD-SNAPSHOT]
	at org.springframework.context.support.AbstractApplicationContext.finishBeanFactoryInitialization(AbstractApplicationContext.java:859) ~[spring-context-5.1.0.BUILD-SNAPSHOT.jar:5.1.0.BUILD-SNAPSHOT]
	at org.springframework.context.support.AbstractApplicationContext.refresh(AbstractApplicationContext.java:550) ~[spring-context-5.1.0.BUILD-SNAPSHOT.jar:5.1.0.BUILD-SNAPSHOT]
	at org.springframework.boot.SpringApplication.refresh(SpringApplication.java:759) ~[spring-boot-2.1.0.BUILD-SNAPSHOT.jar:2.1.0.BUILD-SNAPSHOT]
	at org.springframework.boot.SpringApplication.refreshContext(SpringApplication.java:395) ~[spring-boot-2.1.0.BUILD-SNAPSHOT.jar:2.1.0.BUILD-SNAPSHOT]
	at org.springframework.boot.SpringApplication.run(SpringApplication.java:327) ~[spring-boot-2.1.0.BUILD-SNAPSHOT.jar:2.1.0.BUILD-SNAPSHOT]
	at org.springframework.boot.test.context.SpringBootContextLoader.loadContext(SpringBootContextLoader.java:139) ~[spring-boot-test-2.1.0.BUILD-SNAPSHOT.jar:2.1.0.BUILD-SNAPSHOT]
	at org.springframework.test.context.cache.DefaultCacheAwareContextLoaderDelegate.loadContextInternal(DefaultCacheAwareContextLoaderDelegate.java:99) ~[spring-test-5.1.0.BUILD-SNAPSHOT.jar:5.1.0.BUILD-SNAPSHOT]
	at org.springframework.test.context.cache.DefaultCacheAwareContextLoaderDelegate.loadContext(DefaultCacheAwareContextLoaderDelegate.java:117) ~[spring-test-5.1.0.BUILD-SNAPSHOT.jar:5.1.0.BUILD-SNAPSHOT]
	... 27 common frames omitted
Caused by: org.springframework.beans.factory.BeanCreationException: Error creating bean with name 'dataSource' defined in class path resource [org/springframework/boot/autoconfigure/jdbc/DataSourceConfiguration$Hikari.class]: Bean instantiation via factory method failed; nested exception is org.springframework.beans.BeanInstantiationException: Failed to instantiate [com.zaxxer.hikari.HikariDataSource]: Factory method 'dataSource' threw exception; nested exception is org.springframework.boot.autoconfigure.jdbc.DataSourceProperties$DataSourceBeanCreationException: Failed to determine a suitable driver class
	at org.springframework.beans.factory.support.ConstructorResolver.instantiateUsingFactoryMethod(ConstructorResolver.java:590) ~[spring-beans-5.1.0.BUILD-SNAPSHOT.jar:5.1.0.BUILD-SNAPSHOT]
	at org.springframework.beans.factory.support.AbstractAutowireCapableBeanFactory.instantiateUsingFactoryMethod(AbstractAutowireCapableBeanFactory.java:1256) ~[spring-beans-5.1.0.BUILD-SNAPSHOT.jar:5.1.0.BUILD-SNAPSHOT]
	at org.springframework.beans.factory.support.AbstractAutowireCapableBeanFactory.createBeanInstance(AbstractAutowireCapableBeanFactory.java:1105) ~[spring-beans-5.1.0.BUILD-SNAPSHOT.jar:5.1.0.BUILD-SNAPSHOT]
	at org.springframework.beans.factory.support.AbstractAutowireCapableBeanFactory.doCreateBean(AbstractAutowireCapableBeanFactory.java:543) ~[spring-beans-5.1.0.BUILD-SNAPSHOT.jar:5.1.0.BUILD-SNAPSHOT]
	at org.springframework.beans.factory.support.AbstractAutowireCapableBeanFactory.createBean(AbstractAutowireCapableBeanFactory.java:503) ~[spring-beans-5.1.0.BUILD-SNAPSHOT.jar:5.1.0.BUILD-SNAPSHOT]
	at org.springframework.beans.factory.support.AbstractBeanFactory.lambda$doGetBean$0(AbstractBeanFactory.java:317) ~[spring-beans-5.1.0.BUILD-SNAPSHOT.jar:5.1.0.BUILD-SNAPSHOT]
	at org.springframework.beans.factory.support.DefaultSingletonBeanRegistry.getSingleton(DefaultSingletonBeanRegistry.java:222) ~[spring-beans-5.1.0.BUILD-SNAPSHOT.jar:5.1.0.BUILD-SNAPSHOT]
	at org.springframework.beans.factory.support.AbstractBeanFactory.doGetBean(AbstractBeanFactory.java:315) ~[spring-beans-5.1.0.BUILD-SNAPSHOT.jar:5.1.0.BUILD-SNAPSHOT]
	at org.springframework.beans.factory.support.AbstractBeanFactory.getBean(AbstractBeanFactory.java:199) ~[spring-beans-5.1.0.BUILD-SNAPSHOT.jar:5.1.0.BUILD-SNAPSHOT]
	at org.springframework.beans.factory.config.DependencyDescriptor.resolveCandidate(DependencyDescriptor.java:251) ~[spring-beans-5.1.0.BUILD-SNAPSHOT.jar:5.1.0.BUILD-SNAPSHOT]
	at org.springframework.beans.factory.support.DefaultListableBeanFactory.doResolveDependency(DefaultListableBeanFactory.java:1138) ~[spring-beans-5.1.0.BUILD-SNAPSHOT.jar:5.1.0.BUILD-SNAPSHOT]
	at org.springframework.beans.factory.support.DefaultListableBeanFactory.resolveDependency(DefaultListableBeanFactory.java:1065) ~[spring-beans-5.1.0.BUILD-SNAPSHOT.jar:5.1.0.BUILD-SNAPSHOT]
	at org.springframework.beans.factory.support.ConstructorResolver.resolveAutowiredArgument(ConstructorResolver.java:818) ~[spring-beans-5.1.0.BUILD-SNAPSHOT.jar:5.1.0.BUILD-SNAPSHOT]
	at org.springframework.beans.factory.support.ConstructorResolver.createArgumentArray(ConstructorResolver.java:724) ~[spring-beans-5.1.0.BUILD-SNAPSHOT.jar:5.1.0.BUILD-SNAPSHOT]
	... 54 common frames omitted
Caused by: org.springframework.beans.BeanInstantiationException: Failed to instantiate [com.zaxxer.hikari.HikariDataSource]: Factory method 'dataSource' threw exception; nested exception is org.springframework.boot.autoconfigure.jdbc.DataSourceProperties$DataSourceBeanCreationException: Failed to determine a suitable driver class
	at org.springframework.beans.factory.support.SimpleInstantiationStrategy.instantiate(SimpleInstantiationStrategy.java:185) ~[spring-beans-5.1.0.BUILD-SNAPSHOT.jar:5.1.0.BUILD-SNAPSHOT]
	at org.springframework.beans.factory.support.ConstructorResolver.instantiateUsingFactoryMethod(ConstructorResolver.java:582) ~[spring-beans-5.1.0.BUILD-SNAPSHOT.jar:5.1.0.BUILD-SNAPSHOT]
	... 67 common frames omitted
Caused by: org.springframework.boot.autoconfigure.jdbc.DataSourceProperties$DataSourceBeanCreationException: Failed to determine a suitable driver class
	at org.springframework.boot.autoconfigure.jdbc.DataSourceProperties.determineDriverClassName(DataSourceProperties.java:236) ~[spring-boot-autoconfigure-2.1.0.BUILD-SNAPSHOT.jar:2.1.0.BUILD-SNAPSHOT]
	at org.springframework.boot.autoconfigure.jdbc.DataSourceProperties.initializeDataSourceBuilder(DataSourceProperties.java:176) ~[spring-boot-autoconfigure-2.1.0.BUILD-SNAPSHOT.jar:2.1.0.BUILD-SNAPSHOT]
	at org.springframework.boot.autoconfigure.jdbc.DataSourceConfiguration.createDataSource(DataSourceConfiguration.java:43) ~[spring-boot-autoconfigure-2.1.0.BUILD-SNAPSHOT.jar:2.1.0.BUILD-SNAPSHOT]
	at org.springframework.boot.autoconfigure.jdbc.DataSourceConfiguration$Hikari.dataSource(DataSourceConfiguration.java:81) ~[spring-boot-autoconfigure-2.1.0.BUILD-SNAPSHOT.jar:2.1.0.BUILD-SNAPSHOT]
	at sun.reflect.NativeMethodAccessorImpl.invoke0(Native Method) ~[na:1.8.0_66]
	at sun.reflect.NativeMethodAccessorImpl.invoke(NativeMethodAccessorImpl.java:62) ~[na:1.8.0_66]
	at sun.reflect.DelegatingMethodAccessorImpl.invoke(DelegatingMethodAccessorImpl.java:43) ~[na:1.8.0_66]
	at java.lang.reflect.Method.invoke(Method.java:497) ~[na:1.8.0_66]
	at org.springframework.beans.factory.support.SimpleInstantiationStrategy.instantiate(SimpleInstantiationStrategy.java:154) ~[spring-beans-5.1.0.BUILD-SNAPSHOT.jar:5.1.0.BUILD-SNAPSHOT]
	... 68 common frames omitted

]]></system-out>
  </testcase>
</testsuite>